{"actorUserId":"user_33U1kqbMUzDdWfkZUzzaA5UyA2L","action":"admin_signed_get","subjectType":"s3_object","subjectId":"verification/user_33U1pOOBoN3Jp0TqbB93lpG65ga/1760583047712_capture_1760583048397_1.jpg","details":{},"createdAt":"2025-10-17T02:31:25.230Z"}
{"actorUserId":"user_33U1kqbMUzDdWfkZUzzaA5UyA2L","action":"admin_signed_get","subjectType":"s3_object","subjectId":"verification/user_33U1pOOBoN3Jp0TqbB93lpG65ga/1760583050872_capture_1760583051933_2.jpg","details":{},"createdAt":"2025-10-17T02:31:26.154Z"}
{"actorUserId":"user_33U1kqbMUzDdWfkZUzzaA5UyA2L","action":"admin_signed_get","subjectType":"s3_object","subjectId":"verification/user_33U1pOOBoN3Jp0TqbB93lpG65ga/1760583052291_capture_1760583053276_3.jpg","details":{},"createdAt":"2025-10-17T02:31:26.949Z"}
{"actorUserId":"user_33U1kqbMUzDdWfkZUzzaA5UyA2L","action":"admin_signed_get","subjectType":"s3_object","subjectId":"verification/user_33U1pOOBoN3Jp0TqbB93lpG65ga/1760583047712_capture_1760583048397_1.jpg","details":{},"createdAt":"2025-10-17T02:31:34.681Z"}
{"actorUserId":"user_33U1kqbMUzDdWfkZUzzaA5UyA2L","action":"admin_signed_get","subjectType":"s3_object","subjectId":"verification/user_33U1pOOBoN3Jp0TqbB93lpG65ga/1760583050872_capture_1760583051933_2.jpg","details":{},"createdAt":"2025-10-17T02:31:35.494Z"}
{"actorUserId":"user_33U1kqbMUzDdWfkZUzzaA5UyA2L","action":"admin_signed_get","subjectType":"s3_object","subjectId":"verification/user_33U1pOOBoN3Jp0TqbB93lpG65ga/1760583052291_capture_1760583053276_3.jpg","details":{},"createdAt":"2025-10-17T02:31:36.344Z"}
{"actorUserId":"user_33U1kqbMUzDdWfkZUzzaA5UyA2L","action":"admin_signed_get","subjectType":"s3_object","subjectId":"verification/user_33U1pOOBoN3Jp0TqbB93lpG65ga/1760583047712_capture_1760583048397_1.jpg","details":{},"createdAt":"2025-10-17T02:32:33.213Z"}
{"actorUserId":"user_33U1kqbMUzDdWfkZUzzaA5UyA2L","action":"admin_signed_get","subjectType":"s3_object","subjectId":"verification/user_33U1pOOBoN3Jp0TqbB93lpG65ga/1760583050872_capture_1760583051933_2.jpg","details":{},"createdAt":"2025-10-17T02:32:34.019Z"}
{"actorUserId":"user_33U1kqbMUzDdWfkZUzzaA5UyA2L","action":"admin_signed_get","subjectType":"s3_object","subjectId":"verification/user_33U1pOOBoN3Jp0TqbB93lpG65ga/1760583052291_capture_1760583053276_3.jpg","details":{},"createdAt":"2025-10-17T02:32:34.786Z"}
{"actorUserId":"user_33U1kqbMUzDdWfkZUzzaA5UyA2L","action":"admin_signed_get","subjectType":"s3_object","subjectId":"verification/user_33U1pOOBoN3Jp0TqbB93lpG65ga/1760583047712_capture_1760583048397_1.jpg","details":{},"createdAt":"2025-10-17T02:32:35.508Z"}
{"actorUserId":"user_33U1kqbMUzDdWfkZUzzaA5UyA2L","action":"admin_signed_get","subjectType":"s3_object","subjectId":"verification/user_33U1pOOBoN3Jp0TqbB93lpG65ga/1760583050872_capture_1760583051933_2.jpg","details":{},"createdAt":"2025-10-17T02:32:36.335Z"}
{"actorUserId":"user_33U1kqbMUzDdWfkZUzzaA5UyA2L","action":"admin_signed_get","subjectType":"s3_object","subjectId":"verification/user_33U1pOOBoN3Jp0TqbB93lpG65ga/1760583052291_capture_1760583053276_3.jpg","details":{},"createdAt":"2025-10-17T02:32:37.352Z"}
{"actorUserId":"user_33U1kqbMUzDdWfkZUzzaA5UyA2L","action":"verification_request_more_info","subjectType":"verification","subjectId":1,"details":{"reason":"More evidence requested"},"createdAt":"2025-10-17T02:32:55.160Z"}
{"actorUserId":"user_33U1kqbMUzDdWfkZUzzaA5UyA2L","action":"verification_request_more_info","subjectType":"verification","subjectId":1,"details":{"reason":"More evidence requested"},"createdAt":"2025-10-17T02:32:55.851Z"}
{"actorUserId":"user_33U1kqbMUzDdWfkZUzzaA5UyA2L","action":"admin_signed_get","subjectType":"s3_object","subjectId":"verification/user_33U1pOOBoN3Jp0TqbB93lpG65ga/1760583047712_capture_1760583048397_1.jpg","details":{},"createdAt":"2025-10-17T02:33:52.038Z"}
{"actorUserId":"user_33U1kqbMUzDdWfkZUzzaA5UyA2L","action":"admin_signed_get","subjectType":"s3_object","subjectId":"verification/user_33U1pOOBoN3Jp0TqbB93lpG65ga/1760583050872_capture_1760583051933_2.jpg","details":{},"createdAt":"2025-10-17T02:33:52.819Z"}
{"actorUserId":"user_33U1kqbMUzDdWfkZUzzaA5UyA2L","action":"admin_signed_get","subjectType":"s3_object","subjectId":"verification/user_33U1pOOBoN3Jp0TqbB93lpG65ga/1760583052291_capture_1760583053276_3.jpg","details":{},"createdAt":"2025-10-17T02:33:53.637Z"}
{"actorUserId":"user_33U1kqbMUzDdWfkZUzzaA5UyA2L","action":"admin_signed_get","subjectType":"s3_object","subjectId":"verification/user_33U1pOOBoN3Jp0TqbB93lpG65ga/1760583047712_capture_1760583048397_1.jpg","details":{},"createdAt":"2025-10-17T02:39:46.212Z"}
{"actorUserId":"user_33U1kqbMUzDdWfkZUzzaA5UyA2L","action":"admin_signed_get","subjectType":"s3_object","subjectId":"verification/user_33U1pOOBoN3Jp0TqbB93lpG65ga/1760583050872_capture_1760583051933_2.jpg","details":{},"createdAt":"2025-10-17T02:39:47.133Z"}
{"actorUserId":"user_33U1kqbMUzDdWfkZUzzaA5UyA2L","action":"admin_signed_get","subjectType":"s3_object","subjectId":"verification/user_33U1pOOBoN3Jp0TqbB93lpG65ga/1760583052291_capture_1760583053276_3.jpg","details":{},"createdAt":"2025-10-17T02:39:47.953Z"}
{"actorUserId":"user_33U1kqbMUzDdWfkZUzzaA5UyA2L","action":"admin_signed_get","subjectType":"s3_object","subjectId":"verification/user_33U1pOOBoN3Jp0TqbB93lpG65ga/1760583047712_capture_1760583048397_1.jpg","details":{},"createdAt":"2025-10-17T03:06:51.394Z"}
{"actorUserId":"user_33U1kqbMUzDdWfkZUzzaA5UyA2L","action":"admin_signed_get","subjectType":"s3_object","subjectId":"verification/user_33U1pOOBoN3Jp0TqbB93lpG65ga/1760583050872_capture_1760583051933_2.jpg","details":{},"createdAt":"2025-10-17T03:06:52.314Z"}
{"actorUserId":"user_33U1kqbMUzDdWfkZUzzaA5UyA2L","action":"admin_signed_get","subjectType":"s3_object","subjectId":"verification/user_33U1pOOBoN3Jp0TqbB93lpG65ga/1760583052291_capture_1760583053276_3.jpg","details":{},"createdAt":"2025-10-17T03:06:53.192Z"}
{"actorUserId":"user_33U1kqbMUzDdWfkZUzzaA5UyA2L","action":"verification_request_more_info","subjectType":"verification","subjectId":1,"details":{"reason":"More evidence requested"},"createdAt":"2025-10-17T03:07:04.476Z"}
{"actorUserId":"user_33U1kqbMUzDdWfkZUzzaA5UyA2L","action":"admin_signed_get","subjectType":"s3_object","subjectId":"verification/user_33U1pOOBoN3Jp0TqbB93lpG65ga/1760583047712_capture_1760583048397_1.jpg","details":{},"createdAt":"2025-10-17T03:07:07.699Z"}
{"actorUserId":"user_33U1kqbMUzDdWfkZUzzaA5UyA2L","action":"admin_signed_get","subjectType":"s3_object","subjectId":"verification/user_33U1pOOBoN3Jp0TqbB93lpG65ga/1760583050872_capture_1760583051933_2.jpg","details":{},"createdAt":"2025-10-17T03:07:08.772Z"}
{"actorUserId":"user_33U1kqbMUzDdWfkZUzzaA5UyA2L","action":"admin_signed_get","subjectType":"s3_object","subjectId":"verification/user_33U1pOOBoN3Jp0TqbB93lpG65ga/1760583052291_capture_1760583053276_3.jpg","details":{},"createdAt":"2025-10-17T03:07:09.793Z"}
{"actorUserId":"user_33U1kqbMUzDdWfkZUzzaA5UyA2L","action":"verification_request_more_info","subjectType":"verification","subjectId":1,"details":{"reason":"No darks photos allowed "},"createdAt":"2025-10-17T03:07:28.131Z"}
{"actorUserId":"user_33U1kqbMUzDdWfkZUzzaA5UyA2L","action":"admin_signed_get","subjectType":"s3_object","subjectId":"verification/user_33U1pOOBoN3Jp0TqbB93lpG65ga/1760583047712_capture_1760583048397_1.jpg","details":{},"createdAt":"2025-10-17T03:07:37.681Z"}
{"actorUserId":"user_33U1kqbMUzDdWfkZUzzaA5UyA2L","action":"admin_signed_get","subjectType":"s3_object","subjectId":"verification/user_33U1pOOBoN3Jp0TqbB93lpG65ga/1760583050872_capture_1760583051933_2.jpg","details":{},"createdAt":"2025-10-17T03:07:38.548Z"}
{"actorUserId":"user_33U1kqbMUzDdWfkZUzzaA5UyA2L","action":"admin_signed_get","subjectType":"s3_object","subjectId":"verification/user_33U1pOOBoN3Jp0TqbB93lpG65ga/1760583052291_capture_1760583053276_3.jpg","details":{},"createdAt":"2025-10-17T03:07:39.514Z"}
{"actorUserId":"user_33U1kqbMUzDdWfkZUzzaA5UyA2L","action":"admin_signed_get","subjectType":"s3_object","subjectId":"verification/user_33U1pOOBoN3Jp0TqbB93lpG65ga/1760583047712_capture_1760583048397_1.jpg","details":{},"createdAt":"2025-10-17T03:15:17.951Z"}
{"actorUserId":"user_33U1kqbMUzDdWfkZUzzaA5UyA2L","action":"admin_signed_get","subjectType":"s3_object","subjectId":"verification/user_33U1pOOBoN3Jp0TqbB93lpG65ga/1760583050872_capture_1760583051933_2.jpg","details":{},"createdAt":"2025-10-17T03:15:18.972Z"}
{"actorUserId":"user_33U1kqbMUzDdWfkZUzzaA5UyA2L","action":"admin_signed_get","subjectType":"s3_object","subjectId":"verification/user_33U1pOOBoN3Jp0TqbB93lpG65ga/1760583052291_capture_1760583053276_3.jpg","details":{},"createdAt":"2025-10-17T03:15:20.116Z"}
{"actorUserId":"user_33U1kqbMUzDdWfkZUzzaA5UyA2L","action":"admin_signed_get","subjectType":"s3_object","subjectId":"verification/user_33U1pOOBoN3Jp0TqbB93lpG65ga/1760583047712_capture_1760583048397_1.jpg","details":{},"createdAt":"2025-10-17T03:15:24.411Z"}
{"actorUserId":"user_33U1kqbMUzDdWfkZUzzaA5UyA2L","action":"admin_signed_get","subjectType":"s3_object","subjectId":"verification/user_33U1pOOBoN3Jp0TqbB93lpG65ga/1760583050872_capture_1760583051933_2.jpg","details":{},"createdAt":"2025-10-17T03:15:25.439Z"}
{"actorUserId":"user_33U1kqbMUzDdWfkZUzzaA5UyA2L","action":"admin_signed_get","subjectType":"s3_object","subjectId":"verification/user_33U1pOOBoN3Jp0TqbB93lpG65ga/1760583052291_capture_1760583053276_3.jpg","details":{},"createdAt":"2025-10-17T03:15:28.209Z"}
{"actorUserId":"user_33U1kqbMUzDdWfkZUzzaA5UyA2L","action":"admin_signed_get","subjectType":"s3_object","subjectId":"verification/user_33U1pOOBoN3Jp0TqbB93lpG65ga/1760583047712_capture_1760583048397_1.jpg","details":{},"createdAt":"2025-10-17T03:41:38.646Z"}
{"actorUserId":"user_33U1kqbMUzDdWfkZUzzaA5UyA2L","action":"admin_signed_get","subjectType":"s3_object","subjectId":"verification/user_33U1pOOBoN3Jp0TqbB93lpG65ga/1760583050872_capture_1760583051933_2.jpg","details":{},"createdAt":"2025-10-17T03:41:39.433Z"}
{"actorUserId":"user_33U1kqbMUzDdWfkZUzzaA5UyA2L","action":"admin_signed_get","subjectType":"s3_object","subjectId":"verification/user_33U1pOOBoN3Jp0TqbB93lpG65ga/1760583052291_capture_1760583053276_3.jpg","details":{},"createdAt":"2025-10-17T03:41:40.258Z"}
{"actorUserId":"user_33U1kqbMUzDdWfkZUzzaA5UyA2L","action":"admin_signed_get","subjectType":"s3_object","subjectId":"verification/user_33U1pOOBoN3Jp0TqbB93lpG65ga/1760583047712_capture_1760583048397_1.jpg","details":{},"createdAt":"2025-10-17T03:45:06.858Z"}
{"actorUserId":"user_33U1kqbMUzDdWfkZUzzaA5UyA2L","action":"admin_signed_get","subjectType":"s3_object","subjectId":"verification/user_33U1pOOBoN3Jp0TqbB93lpG65ga/1760583050872_capture_1760583051933_2.jpg","details":{},"createdAt":"2025-10-17T03:45:07.751Z"}
{"actorUserId":"user_33U1kqbMUzDdWfkZUzzaA5UyA2L","action":"admin_signed_get","subjectType":"s3_object","subjectId":"verification/user_33U1pOOBoN3Jp0TqbB93lpG65ga/1760583052291_capture_1760583053276_3.jpg","details":{},"createdAt":"2025-10-17T03:45:08.706Z"}
{"actorUserId":"user_33U1kqbMUzDdWfkZUzzaA5UyA2L","action":"admin_signed_get","subjectType":"s3_object","subjectId":"verification/user_33U1pOOBoN3Jp0TqbB93lpG65ga/1760583047712_capture_1760583048397_1.jpg","details":{},"createdAt":"2025-10-17T03:46:01.818Z"}
{"actorUserId":"user_33U1kqbMUzDdWfkZUzzaA5UyA2L","action":"admin_signed_get","subjectType":"s3_object","subjectId":"verification/user_33U1pOOBoN3Jp0TqbB93lpG65ga/1760583050872_capture_1760583051933_2.jpg","details":{},"createdAt":"2025-10-17T03:46:02.783Z"}
{"actorUserId":"user_33U1kqbMUzDdWfkZUzzaA5UyA2L","action":"admin_signed_get","subjectType":"s3_object","subjectId":"verification/user_33U1pOOBoN3Jp0TqbB93lpG65ga/1760583052291_capture_1760583053276_3.jpg","details":{},"createdAt":"2025-10-17T03:46:03.806Z"}
{"actorUserId":null,"action":"verification_code_issued","subjectType":"user","subjectId":"user_33U1pOOBoN3Jp0TqbB93lpG65ga","details":{"code":"0914-50B3-7DD0-EDFE","expiresAt":"2025-10-17T04:47:45.038Z"},"createdAt":"2025-10-17T03:47:45.867Z"}
{"actorUserId":null,"action":"verification_code_issued","subjectType":"user","subjectId":"user_33U1pOOBoN3Jp0TqbB93lpG65ga","details":{"code":"6BF2-8D3F-050B-BB80","expiresAt":"2025-10-17T05:14:13.477Z"},"createdAt":"2025-10-17T04:14:14.309Z"}
{"actorUserId":"user_33U1kqbMUzDdWfkZUzzaA5UyA2L","action":"admin_signed_get","subjectType":"s3_object","subjectId":"verification/user_33U1pOOBoN3Jp0TqbB93lpG65ga/1760583047712_capture_1760583048397_1.jpg","details":{},"createdAt":"2025-10-17T04:27:49.466Z"}
{"actorUserId":"user_33U1kqbMUzDdWfkZUzzaA5UyA2L","action":"admin_signed_get","subjectType":"s3_object","subjectId":"verification/user_33U1pOOBoN3Jp0TqbB93lpG65ga/1760583050872_capture_1760583051933_2.jpg","details":{},"createdAt":"2025-10-17T04:27:50.228Z"}
{"actorUserId":"user_33U1kqbMUzDdWfkZUzzaA5UyA2L","action":"admin_signed_get","subjectType":"s3_object","subjectId":"verification/user_33U1pOOBoN3Jp0TqbB93lpG65ga/1760583052291_capture_1760583053276_3.jpg","details":{},"createdAt":"2025-10-17T04:27:51.346Z"}
{"actorUserId":"user_33U1kqbMUzDdWfkZUzzaA5UyA2L","action":"verification_request_more_info","subjectType":"verification","subjectId":1,"details":{"reason":"More evidence requested"},"createdAt":"2025-10-17T04:27:58.258Z"}
{"actorUserId":"user_33U1kqbMUzDdWfkZUzzaA5UyA2L","action":"admin_signed_get","subjectType":"s3_object","subjectId":"verification/user_33U1pOOBoN3Jp0TqbB93lpG65ga/1760583047712_capture_1760583048397_1.jpg","details":{},"createdAt":"2025-10-17T04:27:59.634Z"}
{"actorUserId":"user_33U1kqbMUzDdWfkZUzzaA5UyA2L","action":"admin_signed_get","subjectType":"s3_object","subjectId":"verification/user_33U1pOOBoN3Jp0TqbB93lpG65ga/1760583050872_capture_1760583051933_2.jpg","details":{},"createdAt":"2025-10-17T04:28:00.448Z"}
{"actorUserId":"user_33U1kqbMUzDdWfkZUzzaA5UyA2L","action":"admin_signed_get","subjectType":"s3_object","subjectId":"verification/user_33U1pOOBoN3Jp0TqbB93lpG65ga/1760583052291_capture_1760583053276_3.jpg","details":{},"createdAt":"2025-10-17T04:28:01.282Z"}
{"actorUserId":"user_33U1kqbMUzDdWfkZUzzaA5UyA2L","action":"verification_request_more_info","subjectType":"verification","subjectId":1,"details":{"reason":"Wacha mchezo"},"createdAt":"2025-10-17T04:28:11.484Z"}
{"actorUserId":null,"action":"verification_code_issued","subjectType":"user","subjectId":"user_33U1pOOBoN3Jp0TqbB93lpG65ga","details":{"code":"07B7-C327-D2D5-FDEB","expiresAt":"2025-10-17T05:32:51.859Z"},"createdAt":"2025-10-17T04:32:52.264Z"}
{"actorUserId":"user_33U1pOOBoN3Jp0TqbB93lpG65ga","action":"upload_token_issued","subjectType":"s3_object","subjectId":"verification/user_33U1pOOBoN3Jp0TqbB93lpG65ga/1760678050512_respond_1_1760678049598_1.jpg","details":{"contentType":"image/jpeg"},"createdAt":"2025-10-17T05:14:11.214Z"}
{"actorUserId":"user_33U1pOOBoN3Jp0TqbB93lpG65ga","action":"upload_token_issued","subjectType":"s3_object","subjectId":"verification/user_33U1pOOBoN3Jp0TqbB93lpG65ga/1760678054373_respond_1_1760678053806_2.jpg","details":{"contentType":"image/jpeg"},"createdAt":"2025-10-17T05:14:14.781Z"}
{"actorUserId":"user_33U1pOOBoN3Jp0TqbB93lpG65ga","action":"upload_token_issued","subjectType":"s3_object","subjectId":"verification/user_33U1pOOBoN3Jp0TqbB93lpG65ga/1760678056890_respond_1_1760678056329_3.jpg","details":{"contentType":"image/jpeg"},"createdAt":"2025-10-17T05:14:17.288Z"}
{"actorUserId":"user_33U1pOOBoN3Jp0TqbB93lpG65ga","action":"verification_respond_more","subjectType":"verification","subjectId":1,"details":{"added":3,"note":false},"createdAt":"2025-10-17T05:14:26.966Z"}
{"actorUserId":null,"action":"verification_code_issued","subjectType":"user","subjectId":"user_33U1pOOBoN3Jp0TqbB93lpG65ga","details":{"code":"9398-EC9A-1238-19DD","expiresAt":"2025-10-17T07:07:34.005Z"},"createdAt":"2025-10-17T06:07:34.546Z"}
{"actorUserId":null,"action":"verification_code_issued","subjectType":"user","subjectId":"user_33U1pOOBoN3Jp0TqbB93lpG65ga","details":{"code":"B965-A901-B548-19D5","expiresAt":"2025-10-17T07:09:11.088Z"},"createdAt":"2025-10-17T06:09:11.587Z"}
{"actorUserId":null,"action":"verification_code_issued","subjectType":"user","subjectId":"user_33U1pOOBoN3Jp0TqbB93lpG65ga","details":{"code":"04E0-6321-642C-D127","expiresAt":"2025-10-17T07:09:32.489Z"},"createdAt":"2025-10-17T06:09:32.894Z"}
{"actorUserId":"user_33U1kqbMUzDdWfkZUzzaA5UyA2L","action":"admin_signed_get","subjectType":"s3_object","subjectId":"verification/user_33U1pOOBoN3Jp0TqbB93lpG65ga/1760583047712_capture_1760583048397_1.jpg","details":{},"createdAt":"2025-10-17T06:19:20.076Z"}
{"actorUserId":"user_33U1kqbMUzDdWfkZUzzaA5UyA2L","action":"admin_signed_get","subjectType":"s3_object","subjectId":"verification/user_33U1pOOBoN3Jp0TqbB93lpG65ga/1760583050872_capture_1760583051933_2.jpg","details":{},"createdAt":"2025-10-17T06:19:21.587Z"}
{"actorUserId":"user_33U1kqbMUzDdWfkZUzzaA5UyA2L","action":"admin_signed_get","subjectType":"s3_object","subjectId":"verification/user_33U1pOOBoN3Jp0TqbB93lpG65ga/1760583052291_capture_1760583053276_3.jpg","details":{},"createdAt":"2025-10-17T06:19:22.938Z"}
{"actorUserId":"user_33U1kqbMUzDdWfkZUzzaA5UyA2L","action":"admin_signed_get","subjectType":"s3_object","subjectId":"verification/user_33U1pOOBoN3Jp0TqbB93lpG65ga/1760678050512_respond_1_1760678049598_1.jpg","details":{},"createdAt":"2025-10-17T06:19:24.324Z"}
{"actorUserId":"user_33U1kqbMUzDdWfkZUzzaA5UyA2L","action":"admin_signed_get","subjectType":"s3_object","subjectId":"verification/user_33U1pOOBoN3Jp0TqbB93lpG65ga/1760678054373_respond_1_1760678053806_2.jpg","details":{},"createdAt":"2025-10-17T06:19:25.613Z"}
{"actorUserId":"user_33U1kqbMUzDdWfkZUzzaA5UyA2L","action":"admin_signed_get","subjectType":"s3_object","subjectId":"verification/user_33U1pOOBoN3Jp0TqbB93lpG65ga/1760678056890_respond_1_1760678056329_3.jpg","details":{},"createdAt":"2025-10-17T06:19:26.951Z"}
{"actorUserId":"user_33U1kqbMUzDdWfkZUzzaA5UyA2L","action":"admin_signed_get","subjectType":"s3_object","subjectId":"verification/user_33U1pOOBoN3Jp0TqbB93lpG65ga/1760583047712_capture_1760583048397_1.jpg","details":{},"createdAt":"2025-10-17T06:20:55.609Z"}
{"actorUserId":"user_33U1kqbMUzDdWfkZUzzaA5UyA2L","action":"admin_signed_get","subjectType":"s3_object","subjectId":"verification/user_33U1pOOBoN3Jp0TqbB93lpG65ga/1760583050872_capture_1760583051933_2.jpg","details":{},"createdAt":"2025-10-17T06:20:56.842Z"}
{"actorUserId":"user_33U1kqbMUzDdWfkZUzzaA5UyA2L","action":"admin_signed_get","subjectType":"s3_object","subjectId":"verification/user_33U1pOOBoN3Jp0TqbB93lpG65ga/1760583052291_capture_1760583053276_3.jpg","details":{},"createdAt":"2025-10-17T06:20:58.066Z"}
{"actorUserId":"user_33U1kqbMUzDdWfkZUzzaA5UyA2L","action":"admin_signed_get","subjectType":"s3_object","subjectId":"verification/user_33U1pOOBoN3Jp0TqbB93lpG65ga/1760678050512_respond_1_1760678049598_1.jpg","details":{},"createdAt":"2025-10-17T06:20:59.114Z"}
{"actorUserId":"user_33U1kqbMUzDdWfkZUzzaA5UyA2L","action":"admin_signed_get","subjectType":"s3_object","subjectId":"verification/user_33U1pOOBoN3Jp0TqbB93lpG65ga/1760678054373_respond_1_1760678053806_2.jpg","details":{},"createdAt":"2025-10-17T06:21:00.311Z"}
{"actorUserId":"user_33U1kqbMUzDdWfkZUzzaA5UyA2L","action":"admin_signed_get","subjectType":"s3_object","subjectId":"verification/user_33U1pOOBoN3Jp0TqbB93lpG65ga/1760678056890_respond_1_1760678056329_3.jpg","details":{},"createdAt":"2025-10-17T06:21:01.542Z"}
{"actorUserId":"user_33U1kqbMUzDdWfkZUzzaA5UyA2L","action":"admin_signed_get","subjectType":"s3_object","subjectId":"verification/user_33U1pOOBoN3Jp0TqbB93lpG65ga/1760583047712_capture_1760583048397_1.jpg","details":{},"createdAt":"2025-10-17T06:29:01.143Z"}
{"actorUserId":"user_33U1kqbMUzDdWfkZUzzaA5UyA2L","action":"admin_signed_get","subjectType":"s3_object","subjectId":"verification/user_33U1pOOBoN3Jp0TqbB93lpG65ga/1760583050872_capture_1760583051933_2.jpg","details":{},"createdAt":"2025-10-17T06:29:02.586Z"}
{"actorUserId":"user_33U1kqbMUzDdWfkZUzzaA5UyA2L","action":"admin_signed_get","subjectType":"s3_object","subjectId":"verification/user_33U1pOOBoN3Jp0TqbB93lpG65ga/1760583052291_capture_1760583053276_3.jpg","details":{},"createdAt":"2025-10-17T06:29:03.862Z"}
{"actorUserId":"user_33U1kqbMUzDdWfkZUzzaA5UyA2L","action":"admin_signed_get","subjectType":"s3_object","subjectId":"verification/user_33U1pOOBoN3Jp0TqbB93lpG65ga/1760678050512_respond_1_1760678049598_1.jpg","details":{},"createdAt":"2025-10-17T06:29:05.389Z"}
{"actorUserId":"user_33U1kqbMUzDdWfkZUzzaA5UyA2L","action":"admin_signed_get","subjectType":"s3_object","subjectId":"verification/user_33U1pOOBoN3Jp0TqbB93lpG65ga/1760678054373_respond_1_1760678053806_2.jpg","details":{},"createdAt":"2025-10-17T06:29:06.530Z"}
{"actorUserId":"user_33U1kqbMUzDdWfkZUzzaA5UyA2L","action":"admin_signed_get","subjectType":"s3_object","subjectId":"verification/user_33U1pOOBoN3Jp0TqbB93lpG65ga/1760678056890_respond_1_1760678056329_3.jpg","details":{},"createdAt":"2025-10-17T06:29:07.737Z"}
{"actorUserId":"user_33U1kqbMUzDdWfkZUzzaA5UyA2L","action":"admin_signed_get","subjectType":"s3_object","subjectId":"verification/user_33U1pOOBoN3Jp0TqbB93lpG65ga/1760583047712_capture_1760583048397_1.jpg","details":{},"createdAt":"2025-10-17T06:39:35.677Z"}
{"actorUserId":"user_33U1kqbMUzDdWfkZUzzaA5UyA2L","action":"admin_signed_get","subjectType":"s3_object","subjectId":"verification/user_33U1pOOBoN3Jp0TqbB93lpG65ga/1760583050872_capture_1760583051933_2.jpg","details":{},"createdAt":"2025-10-17T06:39:36.889Z"}
{"actorUserId":"user_33U1kqbMUzDdWfkZUzzaA5UyA2L","action":"admin_signed_get","subjectType":"s3_object","subjectId":"verification/user_33U1pOOBoN3Jp0TqbB93lpG65ga/1760583052291_capture_1760583053276_3.jpg","details":{},"createdAt":"2025-10-17T06:39:39.939Z"}
{"actorUserId":"user_33U1kqbMUzDdWfkZUzzaA5UyA2L","action":"admin_signed_get","subjectType":"s3_object","subjectId":"verification/user_33U1pOOBoN3Jp0TqbB93lpG65ga/1760678050512_respond_1_1760678049598_1.jpg","details":{},"createdAt":"2025-10-17T06:39:42.210Z"}
{"actorUserId":"user_33U1kqbMUzDdWfkZUzzaA5UyA2L","action":"admin_signed_get","subjectType":"s3_object","subjectId":"verification/user_33U1pOOBoN3Jp0TqbB93lpG65ga/1760678054373_respond_1_1760678053806_2.jpg","details":{},"createdAt":"2025-10-17T06:39:43.531Z"}
{"actorUserId":"user_33U1kqbMUzDdWfkZUzzaA5UyA2L","action":"admin_signed_get","subjectType":"s3_object","subjectId":"verification/user_33U1pOOBoN3Jp0TqbB93lpG65ga/1760678056890_respond_1_1760678056329_3.jpg","details":{},"createdAt":"2025-10-17T06:39:44.577Z"}
{"actorUserId":"user_33U1kqbMUzDdWfkZUzzaA5UyA2L","action":"admin_signed_get","subjectType":"s3_object","subjectId":"verification/user_33U1pOOBoN3Jp0TqbB93lpG65ga/1760583047712_capture_1760583048397_1.jpg","details":{},"createdAt":"2025-10-17T07:03:56.373Z"}
{"actorUserId":"user_33U1kqbMUzDdWfkZUzzaA5UyA2L","action":"admin_signed_get","subjectType":"s3_object","subjectId":"verification/user_33U1pOOBoN3Jp0TqbB93lpG65ga/1760583050872_capture_1760583051933_2.jpg","details":{},"createdAt":"2025-10-17T07:03:57.585Z"}
{"actorUserId":"user_33U1kqbMUzDdWfkZUzzaA5UyA2L","action":"admin_signed_get","subjectType":"s3_object","subjectId":"verification/user_33U1pOOBoN3Jp0TqbB93lpG65ga/1760583052291_capture_1760583053276_3.jpg","details":{},"createdAt":"2025-10-17T07:03:59.039Z"}
{"actorUserId":"user_33U1kqbMUzDdWfkZUzzaA5UyA2L","action":"admin_signed_get","subjectType":"s3_object","subjectId":"verification/user_33U1pOOBoN3Jp0TqbB93lpG65ga/1760678050512_respond_1_1760678049598_1.jpg","details":{},"createdAt":"2025-10-17T07:04:00.271Z"}
{"actorUserId":"user_33U1kqbMUzDdWfkZUzzaA5UyA2L","action":"admin_signed_get","subjectType":"s3_object","subjectId":"verification/user_33U1pOOBoN3Jp0TqbB93lpG65ga/1760678054373_respond_1_1760678053806_2.jpg","details":{},"createdAt":"2025-10-17T07:04:01.470Z"}
{"actorUserId":"user_33U1kqbMUzDdWfkZUzzaA5UyA2L","action":"admin_signed_get","subjectType":"s3_object","subjectId":"verification/user_33U1pOOBoN3Jp0TqbB93lpG65ga/1760678056890_respond_1_1760678056329_3.jpg","details":{},"createdAt":"2025-10-17T07:04:02.634Z"}
{"actorUserId":"user_33U1kqbMUzDdWfkZUzzaA5UyA2L","action":"admin_signed_get","subjectType":"s3_object","subjectId":"verification/user_33U1pOOBoN3Jp0TqbB93lpG65ga/1760583047712_capture_1760583048397_1.jpg","details":{},"createdAt":"2025-10-17T07:18:27.494Z"}
{"actorUserId":"user_33U1kqbMUzDdWfkZUzzaA5UyA2L","action":"admin_signed_get","subjectType":"s3_object","subjectId":"verification/user_33U1pOOBoN3Jp0TqbB93lpG65ga/1760583050872_capture_1760583051933_2.jpg","details":{},"createdAt":"2025-10-17T07:18:28.316Z"}
{"actorUserId":"user_33U1kqbMUzDdWfkZUzzaA5UyA2L","action":"admin_signed_get","subjectType":"s3_object","subjectId":"verification/user_33U1pOOBoN3Jp0TqbB93lpG65ga/1760583052291_capture_1760583053276_3.jpg","details":{},"createdAt":"2025-10-17T07:18:29.332Z"}
{"actorUserId":"user_33U1kqbMUzDdWfkZUzzaA5UyA2L","action":"admin_signed_get","subjectType":"s3_object","subjectId":"verification/user_33U1pOOBoN3Jp0TqbB93lpG65ga/1760678050512_respond_1_1760678049598_1.jpg","details":{},"createdAt":"2025-10-17T07:18:30.129Z"}
{"actorUserId":"user_33U1kqbMUzDdWfkZUzzaA5UyA2L","action":"admin_signed_get","subjectType":"s3_object","subjectId":"verification/user_33U1pOOBoN3Jp0TqbB93lpG65ga/1760678054373_respond_1_1760678053806_2.jpg","details":{},"createdAt":"2025-10-17T07:18:30.962Z"}
{"actorUserId":"user_33U1kqbMUzDdWfkZUzzaA5UyA2L","action":"admin_signed_get","subjectType":"s3_object","subjectId":"verification/user_33U1pOOBoN3Jp0TqbB93lpG65ga/1760678056890_respond_1_1760678056329_3.jpg","details":{},"createdAt":"2025-10-17T07:18:31.769Z"}
{"actorUserId":"user_33U1kqbMUzDdWfkZUzzaA5UyA2L","action":"admin_signed_get","subjectType":"s3_object","subjectId":"verification/user_33U1pOOBoN3Jp0TqbB93lpG65ga/1760583047712_capture_1760583048397_1.jpg","details":{},"createdAt":"2025-10-17T07:26:18.342Z"}
{"actorUserId":"user_33U1kqbMUzDdWfkZUzzaA5UyA2L","action":"admin_signed_get","subjectType":"s3_object","subjectId":"verification/user_33U1pOOBoN3Jp0TqbB93lpG65ga/1760583050872_capture_1760583051933_2.jpg","details":{},"createdAt":"2025-10-17T07:26:19.175Z"}
{"actorUserId":"user_33U1kqbMUzDdWfkZUzzaA5UyA2L","action":"admin_signed_get","subjectType":"s3_object","subjectId":"verification/user_33U1pOOBoN3Jp0TqbB93lpG65ga/1760583052291_capture_1760583053276_3.jpg","details":{},"createdAt":"2025-10-17T07:26:19.947Z"}
{"actorUserId":"user_33U1kqbMUzDdWfkZUzzaA5UyA2L","action":"admin_signed_get","subjectType":"s3_object","subjectId":"verification/user_33U1pOOBoN3Jp0TqbB93lpG65ga/1760678050512_respond_1_1760678049598_1.jpg","details":{},"createdAt":"2025-10-17T07:26:20.729Z"}
{"actorUserId":"user_33U1kqbMUzDdWfkZUzzaA5UyA2L","action":"admin_signed_get","subjectType":"s3_object","subjectId":"verification/user_33U1pOOBoN3Jp0TqbB93lpG65ga/1760678054373_respond_1_1760678053806_2.jpg","details":{},"createdAt":"2025-10-17T07:26:21.516Z"}
{"actorUserId":"user_33U1kqbMUzDdWfkZUzzaA5UyA2L","action":"admin_signed_get","subjectType":"s3_object","subjectId":"verification/user_33U1pOOBoN3Jp0TqbB93lpG65ga/1760678056890_respond_1_1760678056329_3.jpg","details":{},"createdAt":"2025-10-17T07:26:22.394Z"}
{"actorUserId":"user_33U1kqbMUzDdWfkZUzzaA5UyA2L","action":"admin_signed_get","subjectType":"s3_object","subjectId":"verification/user_33U1pOOBoN3Jp0TqbB93lpG65ga/1760583047712_capture_1760583048397_1.jpg","details":{},"createdAt":"2025-10-17T07:31:16.299Z"}
{"actorUserId":"user_33U1kqbMUzDdWfkZUzzaA5UyA2L","action":"admin_signed_get","subjectType":"s3_object","subjectId":"verification/user_33U1pOOBoN3Jp0TqbB93lpG65ga/1760583050872_capture_1760583051933_2.jpg","details":{},"createdAt":"2025-10-17T07:31:17.127Z"}
{"actorUserId":"user_33U1kqbMUzDdWfkZUzzaA5UyA2L","action":"admin_signed_get","subjectType":"s3_object","subjectId":"verification/user_33U1pOOBoN3Jp0TqbB93lpG65ga/1760583052291_capture_1760583053276_3.jpg","details":{},"createdAt":"2025-10-17T07:31:17.939Z"}
{"actorUserId":"user_33U1kqbMUzDdWfkZUzzaA5UyA2L","action":"admin_signed_get","subjectType":"s3_object","subjectId":"verification/user_33U1pOOBoN3Jp0TqbB93lpG65ga/1760678050512_respond_1_1760678049598_1.jpg","details":{},"createdAt":"2025-10-17T07:31:18.759Z"}
{"actorUserId":"user_33U1kqbMUzDdWfkZUzzaA5UyA2L","action":"admin_signed_get","subjectType":"s3_object","subjectId":"verification/user_33U1pOOBoN3Jp0TqbB93lpG65ga/1760678054373_respond_1_1760678053806_2.jpg","details":{},"createdAt":"2025-10-17T07:31:19.767Z"}
{"actorUserId":"user_33U1kqbMUzDdWfkZUzzaA5UyA2L","action":"admin_signed_get","subjectType":"s3_object","subjectId":"verification/user_33U1pOOBoN3Jp0TqbB93lpG65ga/1760678056890_respond_1_1760678056329_3.jpg","details":{},"createdAt":"2025-10-17T07:31:20.561Z"}
{"actorUserId":"user_33U1kqbMUzDdWfkZUzzaA5UyA2L","action":"admin_signed_get","subjectType":"s3_object","subjectId":"verification/user_33U1pOOBoN3Jp0TqbB93lpG65ga/1760583047712_capture_1760583048397_1.jpg","details":{},"createdAt":"2025-10-17T07:31:33.659Z"}
{"actorUserId":"user_33U1kqbMUzDdWfkZUzzaA5UyA2L","action":"admin_signed_get","subjectType":"s3_object","subjectId":"verification/user_33U1pOOBoN3Jp0TqbB93lpG65ga/1760583050872_capture_1760583051933_2.jpg","details":{},"createdAt":"2025-10-17T07:31:34.495Z"}
{"actorUserId":"user_33U1kqbMUzDdWfkZUzzaA5UyA2L","action":"admin_signed_get","subjectType":"s3_object","subjectId":"verification/user_33U1pOOBoN3Jp0TqbB93lpG65ga/1760583052291_capture_1760583053276_3.jpg","details":{},"createdAt":"2025-10-17T07:31:35.351Z"}
{"actorUserId":"user_33U1kqbMUzDdWfkZUzzaA5UyA2L","action":"admin_signed_get","subjectType":"s3_object","subjectId":"verification/user_33U1pOOBoN3Jp0TqbB93lpG65ga/1760678050512_respond_1_1760678049598_1.jpg","details":{},"createdAt":"2025-10-17T07:31:36.176Z"}
{"actorUserId":"user_33U1kqbMUzDdWfkZUzzaA5UyA2L","action":"admin_signed_get","subjectType":"s3_object","subjectId":"verification/user_33U1pOOBoN3Jp0TqbB93lpG65ga/1760678054373_respond_1_1760678053806_2.jpg","details":{},"createdAt":"2025-10-17T07:31:37.270Z"}
{"actorUserId":"user_33U1kqbMUzDdWfkZUzzaA5UyA2L","action":"admin_signed_get","subjectType":"s3_object","subjectId":"verification/user_33U1pOOBoN3Jp0TqbB93lpG65ga/1760678056890_respond_1_1760678056329_3.jpg","details":{},"createdAt":"2025-10-17T07:31:38.115Z"}
{"actorUserId":"user_33U1kqbMUzDdWfkZUzzaA5UyA2L","action":"verification_request_more_info","subjectType":"verification","subjectId":1,"details":{"reason":"More evidence requested"},"createdAt":"2025-10-17T07:31:55.583Z"}
{"actorUserId":"user_33U1pOOBoN3Jp0TqbB93lpG65ga","action":"upload_token_issued","subjectType":"s3_object","subjectId":"verification/user_33U1pOOBoN3Jp0TqbB93lpG65ga/1760686417607_respond_1_1760686416821_1.jpg","details":{"contentType":"image/jpeg"},"createdAt":"2025-10-17T07:33:38.327Z"}
{"actorUserId":"user_33U1pOOBoN3Jp0TqbB93lpG65ga","action":"upload_token_issued","subjectType":"s3_object","subjectId":"verification/user_33U1pOOBoN3Jp0TqbB93lpG65ga/1760686423435_respond_1_1760686422716_2.jpg","details":{"contentType":"image/jpeg"},"createdAt":"2025-10-17T07:33:44.139Z"}
{"actorUserId":"user_33U1pOOBoN3Jp0TqbB93lpG65ga","action":"upload_token_issued","subjectType":"s3_object","subjectId":"verification/user_33U1pOOBoN3Jp0TqbB93lpG65ga/1760686430780_respond_1_1760686428443_3.jpg","details":{"contentType":"image/jpeg"},"createdAt":"2025-10-17T07:33:51.493Z"}
{"actorUserId":"user_33U1pOOBoN3Jp0TqbB93lpG65ga","action":"verification_respond_more","subjectType":"verification","subjectId":1,"details":{"added":3,"note":false},"createdAt":"2025-10-17T07:34:04.534Z"}
{"actorUserId":null,"action":"verification_code_issued","subjectType":"user","subjectId":"user_33U1pOOBoN3Jp0TqbB93lpG65ga","details":{"code":"70F4-8AB5-BB46-1BB8","expiresAt":"2025-10-17T08:34:13.684Z"},"createdAt":"2025-10-17T07:34:14.074Z"}
{"actorUserId":"user_33U1kqbMUzDdWfkZUzzaA5UyA2L","action":"admin_signed_get","subjectType":"s3_object","subjectId":"verification/user_33U1pOOBoN3Jp0TqbB93lpG65ga/1760583047712_capture_1760583048397_1.jpg","details":{},"createdAt":"2025-10-17T07:35:21.119Z"}
{"actorUserId":"user_33U1kqbMUzDdWfkZUzzaA5UyA2L","action":"admin_signed_get","subjectType":"s3_object","subjectId":"verification/user_33U1pOOBoN3Jp0TqbB93lpG65ga/1760583050872_capture_1760583051933_2.jpg","details":{},"createdAt":"2025-10-17T07:35:22.002Z"}
{"actorUserId":"user_33U1kqbMUzDdWfkZUzzaA5UyA2L","action":"admin_signed_get","subjectType":"s3_object","subjectId":"verification/user_33U1pOOBoN3Jp0TqbB93lpG65ga/1760583052291_capture_1760583053276_3.jpg","details":{},"createdAt":"2025-10-17T07:35:22.917Z"}
{"actorUserId":"user_33U1kqbMUzDdWfkZUzzaA5UyA2L","action":"admin_signed_get","subjectType":"s3_object","subjectId":"verification/user_33U1pOOBoN3Jp0TqbB93lpG65ga/1760678050512_respond_1_1760678049598_1.jpg","details":{},"createdAt":"2025-10-17T07:35:23.827Z"}
{"actorUserId":"user_33U1kqbMUzDdWfkZUzzaA5UyA2L","action":"admin_signed_get","subjectType":"s3_object","subjectId":"verification/user_33U1pOOBoN3Jp0TqbB93lpG65ga/1760678054373_respond_1_1760678053806_2.jpg","details":{},"createdAt":"2025-10-17T07:35:24.628Z"}
{"actorUserId":"user_33U1kqbMUzDdWfkZUzzaA5UyA2L","action":"admin_signed_get","subjectType":"s3_object","subjectId":"verification/user_33U1pOOBoN3Jp0TqbB93lpG65ga/1760678056890_respond_1_1760678056329_3.jpg","details":{},"createdAt":"2025-10-17T07:35:25.456Z"}
{"actorUserId":"user_33U1kqbMUzDdWfkZUzzaA5UyA2L","action":"admin_signed_get","subjectType":"s3_object","subjectId":"verification/user_33U1pOOBoN3Jp0TqbB93lpG65ga/1760686417607_respond_1_1760686416821_1.jpg","details":{},"createdAt":"2025-10-17T07:35:26.296Z"}
{"actorUserId":"user_33U1kqbMUzDdWfkZUzzaA5UyA2L","action":"admin_signed_get","subjectType":"s3_object","subjectId":"verification/user_33U1pOOBoN3Jp0TqbB93lpG65ga/1760686423435_respond_1_1760686422716_2.jpg","details":{},"createdAt":"2025-10-17T07:35:27.193Z"}
{"actorUserId":"user_33U1kqbMUzDdWfkZUzzaA5UyA2L","action":"admin_signed_get","subjectType":"s3_object","subjectId":"verification/user_33U1pOOBoN3Jp0TqbB93lpG65ga/1760686430780_respond_1_1760686428443_3.jpg","details":{},"createdAt":"2025-10-17T07:35:28.026Z"}
{"actorUserId":"user_33U1kqbMUzDdWfkZUzzaA5UyA2L","action":"admin_signed_get","subjectType":"s3_object","subjectId":"verification/user_33U1pOOBoN3Jp0TqbB93lpG65ga/1760583047712_capture_1760583048397_1.jpg","details":{},"createdAt":"2025-10-17T07:44:14.406Z"}
{"actorUserId":"user_33U1kqbMUzDdWfkZUzzaA5UyA2L","action":"admin_signed_get","subjectType":"s3_object","subjectId":"verification/user_33U1pOOBoN3Jp0TqbB93lpG65ga/1760583050872_capture_1760583051933_2.jpg","details":{},"createdAt":"2025-10-17T07:44:15.207Z"}
{"actorUserId":"user_33U1kqbMUzDdWfkZUzzaA5UyA2L","action":"admin_signed_get","subjectType":"s3_object","subjectId":"verification/user_33U1pOOBoN3Jp0TqbB93lpG65ga/1760583052291_capture_1760583053276_3.jpg","details":{},"createdAt":"2025-10-17T07:44:16.254Z"}
{"actorUserId":"user_33U1kqbMUzDdWfkZUzzaA5UyA2L","action":"admin_signed_get","subjectType":"s3_object","subjectId":"verification/user_33U1pOOBoN3Jp0TqbB93lpG65ga/1760678050512_respond_1_1760678049598_1.jpg","details":{},"createdAt":"2025-10-17T07:44:17.440Z"}
{"actorUserId":"user_33U1kqbMUzDdWfkZUzzaA5UyA2L","action":"admin_signed_get","subjectType":"s3_object","subjectId":"verification/user_33U1pOOBoN3Jp0TqbB93lpG65ga/1760678054373_respond_1_1760678053806_2.jpg","details":{},"createdAt":"2025-10-17T07:44:18.236Z"}
{"actorUserId":"user_33U1kqbMUzDdWfkZUzzaA5UyA2L","action":"admin_signed_get","subjectType":"s3_object","subjectId":"verification/user_33U1pOOBoN3Jp0TqbB93lpG65ga/1760678056890_respond_1_1760678056329_3.jpg","details":{},"createdAt":"2025-10-17T07:44:19.131Z"}
{"actorUserId":"user_33U1kqbMUzDdWfkZUzzaA5UyA2L","action":"admin_signed_get","subjectType":"s3_object","subjectId":"verification/user_33U1pOOBoN3Jp0TqbB93lpG65ga/1760686417607_respond_1_1760686416821_1.jpg","details":{},"createdAt":"2025-10-17T07:44:19.979Z"}
{"actorUserId":"user_33U1kqbMUzDdWfkZUzzaA5UyA2L","action":"admin_signed_get","subjectType":"s3_object","subjectId":"verification/user_33U1pOOBoN3Jp0TqbB93lpG65ga/1760686423435_respond_1_1760686422716_2.jpg","details":{},"createdAt":"2025-10-17T07:44:20.889Z"}
{"actorUserId":"user_33U1kqbMUzDdWfkZUzzaA5UyA2L","action":"admin_signed_get","subjectType":"s3_object","subjectId":"verification/user_33U1pOOBoN3Jp0TqbB93lpG65ga/1760686430780_respond_1_1760686428443_3.jpg","details":{},"createdAt":"2025-10-17T07:44:21.968Z"}
{"actorUserId":"user_33U1kqbMUzDdWfkZUzzaA5UyA2L","action":"verification_request_more_info","subjectType":"verification","subjectId":1,"details":{"reason":"More evidence requested"},"createdAt":"2025-10-17T07:45:05.064Z"}
{"actorUserId":"user_33U1pOOBoN3Jp0TqbB93lpG65ga","action":"upload_token_issued","subjectType":"s3_object","subjectId":"verification/user_33U1pOOBoN3Jp0TqbB93lpG65ga/1760687152810_respond_1_1760687151960_3.jpg","details":{"contentType":"image/jpeg"},"createdAt":"2025-10-17T07:45:53.455Z"}
{"actorUserId":"user_33U1pOOBoN3Jp0TqbB93lpG65ga","action":"upload_token_issued","subjectType":"s3_object","subjectId":"verification/user_33U1pOOBoN3Jp0TqbB93lpG65ga/1760687152791_respond_1_1760687151960_2.jpg","details":{"contentType":"image/jpeg"},"createdAt":"2025-10-17T07:45:53.686Z"}
{"actorUserId":"user_33U1pOOBoN3Jp0TqbB93lpG65ga","action":"upload_token_issued","subjectType":"s3_object","subjectId":"verification/user_33U1pOOBoN3Jp0TqbB93lpG65ga/1760687152817_respond_1_1760687151958_1.jpg","details":{"contentType":"image/jpeg"},"createdAt":"2025-10-17T07:45:53.739Z"}
{"actorUserId":"user_33U1pOOBoN3Jp0TqbB93lpG65ga","action":"verification_respond_more","subjectType":"verification","subjectId":1,"details":{"added":3,"note":false},"createdAt":"2025-10-17T07:46:20.818Z"}
{"actorUserId":null,"action":"verification_code_issued","subjectType":"user","subjectId":"user_33U1pOOBoN3Jp0TqbB93lpG65ga","details":{"code":"3C05-7962-5416-1090","expiresAt":"2025-10-17T08:57:37.494Z"},"createdAt":"2025-10-17T07:57:37.881Z"}
{"actorUserId":"user_33U1pOOBoN3Jp0TqbB93lpG65ga","action":"upload_token_issued","subjectType":"s3_object","subjectId":"verification/user_33U1pOOBoN3Jp0TqbB93lpG65ga/1760687888157_respond_1_1760687886453_1.jpg","details":{"contentType":"image/jpeg"},"createdAt":"2025-10-17T07:58:08.550Z"}
{"actorUserId":"user_33U1pOOBoN3Jp0TqbB93lpG65ga","action":"upload_token_issued","subjectType":"s3_object","subjectId":"verification/user_33U1pOOBoN3Jp0TqbB93lpG65ga/1760687888136_respond_1_1760687886454_3.jpg","details":{"contentType":"image/jpeg"},"createdAt":"2025-10-17T07:58:08.546Z"}
{"actorUserId":"user_33U1pOOBoN3Jp0TqbB93lpG65ga","action":"upload_token_issued","subjectType":"s3_object","subjectId":"verification/user_33U1pOOBoN3Jp0TqbB93lpG65ga/1760687888128_respond_1_1760687886454_2.jpg","details":{"contentType":"image/jpeg"},"createdAt":"2025-10-17T07:58:08.860Z"}
{"actorUserId":"user_33U1pOOBoN3Jp0TqbB93lpG65ga","action":"verification_respond_more","subjectType":"verification","subjectId":1,"details":{"added":3,"note":false},"createdAt":"2025-10-17T07:58:26.854Z"}
{"actorUserId":null,"action":"verification_code_issued","subjectType":"user","subjectId":"user_33U1pOOBoN3Jp0TqbB93lpG65ga","details":{"code":"DEF4-BEC5-9F58-E05D","expiresAt":"2025-10-17T08:59:02.353Z"},"createdAt":"2025-10-17T07:59:02.757Z"}
{"actorUserId":"user_33U1kqbMUzDdWfkZUzzaA5UyA2L","action":"admin_signed_get","subjectType":"s3_object","subjectId":"verification/user_33U1pOOBoN3Jp0TqbB93lpG65ga/1760583047712_capture_1760583048397_1.jpg","details":{},"createdAt":"2025-10-17T07:59:35.172Z"}
{"actorUserId":"user_33U1kqbMUzDdWfkZUzzaA5UyA2L","action":"admin_signed_get","subjectType":"s3_object","subjectId":"verification/user_33U1pOOBoN3Jp0TqbB93lpG65ga/1760583050872_capture_1760583051933_2.jpg","details":{},"createdAt":"2025-10-17T07:59:35.978Z"}
{"actorUserId":"user_33U1kqbMUzDdWfkZUzzaA5UyA2L","action":"admin_signed_get","subjectType":"s3_object","subjectId":"verification/user_33U1pOOBoN3Jp0TqbB93lpG65ga/1760583052291_capture_1760583053276_3.jpg","details":{},"createdAt":"2025-10-17T07:59:36.808Z"}
{"actorUserId":"user_33U1kqbMUzDdWfkZUzzaA5UyA2L","action":"admin_signed_get","subjectType":"s3_object","subjectId":"verification/user_33U1pOOBoN3Jp0TqbB93lpG65ga/1760678050512_respond_1_1760678049598_1.jpg","details":{},"createdAt":"2025-10-17T07:59:37.600Z"}
{"actorUserId":"user_33U1kqbMUzDdWfkZUzzaA5UyA2L","action":"admin_signed_get","subjectType":"s3_object","subjectId":"verification/user_33U1pOOBoN3Jp0TqbB93lpG65ga/1760678054373_respond_1_1760678053806_2.jpg","details":{},"createdAt":"2025-10-17T07:59:38.481Z"}
{"actorUserId":"user_33U1kqbMUzDdWfkZUzzaA5UyA2L","action":"admin_signed_get","subjectType":"s3_object","subjectId":"verification/user_33U1pOOBoN3Jp0TqbB93lpG65ga/1760678056890_respond_1_1760678056329_3.jpg","details":{},"createdAt":"2025-10-17T07:59:39.425Z"}
{"actorUserId":"user_33U1kqbMUzDdWfkZUzzaA5UyA2L","action":"admin_signed_get","subjectType":"s3_object","subjectId":"verification/user_33U1pOOBoN3Jp0TqbB93lpG65ga/1760686417607_respond_1_1760686416821_1.jpg","details":{},"createdAt":"2025-10-17T07:59:40.207Z"}
{"actorUserId":"user_33U1kqbMUzDdWfkZUzzaA5UyA2L","action":"admin_signed_get","subjectType":"s3_object","subjectId":"verification/user_33U1pOOBoN3Jp0TqbB93lpG65ga/1760686423435_respond_1_1760686422716_2.jpg","details":{},"createdAt":"2025-10-17T07:59:40.996Z"}
{"actorUserId":"user_33U1kqbMUzDdWfkZUzzaA5UyA2L","action":"admin_signed_get","subjectType":"s3_object","subjectId":"verification/user_33U1pOOBoN3Jp0TqbB93lpG65ga/1760686430780_respond_1_1760686428443_3.jpg","details":{},"createdAt":"2025-10-17T07:59:41.881Z"}
{"actorUserId":"user_33U1kqbMUzDdWfkZUzzaA5UyA2L","action":"admin_signed_get","subjectType":"s3_object","subjectId":"verification/user_33U1pOOBoN3Jp0TqbB93lpG65ga/1760687152817_respond_1_1760687151958_1.jpg","details":{},"createdAt":"2025-10-17T07:59:42.706Z"}
{"actorUserId":"user_33U1kqbMUzDdWfkZUzzaA5UyA2L","action":"admin_signed_get","subjectType":"s3_object","subjectId":"verification/user_33U1pOOBoN3Jp0TqbB93lpG65ga/1760687152791_respond_1_1760687151960_2.jpg","details":{},"createdAt":"2025-10-17T07:59:43.493Z"}
{"actorUserId":"user_33U1kqbMUzDdWfkZUzzaA5UyA2L","action":"admin_signed_get","subjectType":"s3_object","subjectId":"verification/user_33U1pOOBoN3Jp0TqbB93lpG65ga/1760687152810_respond_1_1760687151960_3.jpg","details":{},"createdAt":"2025-10-17T07:59:44.314Z"}
{"actorUserId":"user_33U1kqbMUzDdWfkZUzzaA5UyA2L","action":"admin_signed_get","subjectType":"s3_object","subjectId":"verification/user_33U1pOOBoN3Jp0TqbB93lpG65ga/1760687888157_respond_1_1760687886453_1.jpg","details":{},"createdAt":"2025-10-17T07:59:45.175Z"}
{"actorUserId":"user_33U1kqbMUzDdWfkZUzzaA5UyA2L","action":"admin_signed_get","subjectType":"s3_object","subjectId":"verification/user_33U1pOOBoN3Jp0TqbB93lpG65ga/1760687888128_respond_1_1760687886454_2.jpg","details":{},"createdAt":"2025-10-17T07:59:45.970Z"}
{"actorUserId":"user_33U1kqbMUzDdWfkZUzzaA5UyA2L","action":"admin_signed_get","subjectType":"s3_object","subjectId":"verification/user_33U1pOOBoN3Jp0TqbB93lpG65ga/1760687888136_respond_1_1760687886454_3.jpg","details":{},"createdAt":"2025-10-17T07:59:46.768Z"}
{"actorUserId":"user_33U1kqbMUzDdWfkZUzzaA5UyA2L","action":"admin_signed_get","subjectType":"s3_object","subjectId":"verification/user_33U1pOOBoN3Jp0TqbB93lpG65ga/1760583052291_capture_1760583053276_3.jpg","details":{},"createdAt":"2025-10-18T01:02:24.209Z"}
{"actorUserId":"user_33U1kqbMUzDdWfkZUzzaA5UyA2L","action":"admin_signed_get","subjectType":"s3_object","subjectId":"verification/user_33U1pOOBoN3Jp0TqbB93lpG65ga/1760678050512_respond_1_1760678049598_1.jpg","details":{},"createdAt":"2025-10-18T01:02:24.735Z"}
{"actorUserId":"user_33U1kqbMUzDdWfkZUzzaA5UyA2L","action":"admin_signed_get","subjectType":"s3_object","subjectId":"verification/user_33U1pOOBoN3Jp0TqbB93lpG65ga/1760583050872_capture_1760583051933_2.jpg","details":{},"createdAt":"2025-10-18T01:02:24.745Z"}
{"actorUserId":"user_33U1kqbMUzDdWfkZUzzaA5UyA2L","action":"admin_signed_get","subjectType":"s3_object","subjectId":"verification/user_33U1pOOBoN3Jp0TqbB93lpG65ga/1760678054373_respond_1_1760678053806_2.jpg","details":{},"createdAt":"2025-10-18T01:02:24.740Z"}
{"actorUserId":"user_33U1kqbMUzDdWfkZUzzaA5UyA2L","action":"admin_signed_get","subjectType":"s3_object","subjectId":"verification/user_33U1pOOBoN3Jp0TqbB93lpG65ga/1760583047712_capture_1760583048397_1.jpg","details":{},"createdAt":"2025-10-18T01:02:24.773Z"}
{"actorUserId":"user_33U1kqbMUzDdWfkZUzzaA5UyA2L","action":"admin_signed_get","subjectType":"s3_object","subjectId":"verification/user_33U1pOOBoN3Jp0TqbB93lpG65ga/1760678056890_respond_1_1760678056329_3.jpg","details":{},"createdAt":"2025-10-18T01:02:25.756Z"}
{"actorUserId":"user_33U1kqbMUzDdWfkZUzzaA5UyA2L","action":"admin_signed_get","subjectType":"s3_object","subjectId":"verification/user_33U1pOOBoN3Jp0TqbB93lpG65ga/1760686423435_respond_1_1760686422716_2.jpg","details":{},"createdAt":"2025-10-18T01:02:25.922Z"}
{"actorUserId":"user_33U1kqbMUzDdWfkZUzzaA5UyA2L","action":"admin_signed_get","subjectType":"s3_object","subjectId":"verification/user_33U1pOOBoN3Jp0TqbB93lpG65ga/1760686417607_respond_1_1760686416821_1.jpg","details":{},"createdAt":"2025-10-18T01:02:25.931Z"}
{"actorUserId":"user_33U1kqbMUzDdWfkZUzzaA5UyA2L","action":"admin_signed_get","subjectType":"s3_object","subjectId":"verification/user_33U1pOOBoN3Jp0TqbB93lpG65ga/1760687152817_respond_1_1760687151958_1.jpg","details":{},"createdAt":"2025-10-18T01:02:26.000Z"}
{"actorUserId":"user_33U1kqbMUzDdWfkZUzzaA5UyA2L","action":"admin_signed_get","subjectType":"s3_object","subjectId":"verification/user_33U1pOOBoN3Jp0TqbB93lpG65ga/1760686430780_respond_1_1760686428443_3.jpg","details":{},"createdAt":"2025-10-18T01:02:26.050Z"}
{"actorUserId":"user_33U1kqbMUzDdWfkZUzzaA5UyA2L","action":"admin_signed_get","subjectType":"s3_object","subjectId":"verification/user_33U1pOOBoN3Jp0TqbB93lpG65ga/1760687152791_respond_1_1760687151960_2.jpg","details":{},"createdAt":"2025-10-18T01:02:26.466Z"}
{"actorUserId":"user_33U1kqbMUzDdWfkZUzzaA5UyA2L","action":"admin_signed_get","subjectType":"s3_object","subjectId":"verification/user_33U1pOOBoN3Jp0TqbB93lpG65ga/1760687152810_respond_1_1760687151960_3.jpg","details":{},"createdAt":"2025-10-18T01:02:26.543Z"}
{"actorUserId":"user_33U1kqbMUzDdWfkZUzzaA5UyA2L","action":"admin_signed_get","subjectType":"s3_object","subjectId":"verification/user_33U1pOOBoN3Jp0TqbB93lpG65ga/1760687888157_respond_1_1760687886453_1.jpg","details":{},"createdAt":"2025-10-18T01:02:26.553Z"}
{"actorUserId":"user_33U1kqbMUzDdWfkZUzzaA5UyA2L","action":"admin_signed_get","subjectType":"s3_object","subjectId":"verification/user_33U1pOOBoN3Jp0TqbB93lpG65ga/1760687888128_respond_1_1760687886454_2.jpg","details":{},"createdAt":"2025-10-18T01:02:26.593Z"}
{"actorUserId":"user_33U1kqbMUzDdWfkZUzzaA5UyA2L","action":"admin_signed_get","subjectType":"s3_object","subjectId":"verification/user_33U1pOOBoN3Jp0TqbB93lpG65ga/1760687888136_respond_1_1760687886454_3.jpg","details":{},"createdAt":"2025-10-18T01:02:26.700Z"}
{"actorUserId":"user_33U1kqbMUzDdWfkZUzzaA5UyA2L","action":"verification_escalated","subjectType":"verification","subjectId":1,"details":{"note":"Escalated"},"createdAt":"2025-10-18T01:03:54.844Z"}
{"actorUserId":"user_33U1kqbMUzDdWfkZUzzaA5UyA2L","action":"admin_signed_get","subjectType":"s3_object","subjectId":"verification/user_33U1pOOBoN3Jp0TqbB93lpG65ga/1760583047712_capture_1760583048397_1.jpg","details":{},"createdAt":"2025-10-18T01:03:57.374Z"}
{"actorUserId":"user_33U1kqbMUzDdWfkZUzzaA5UyA2L","action":"admin_signed_get","subjectType":"s3_object","subjectId":"verification/user_33U1pOOBoN3Jp0TqbB93lpG65ga/1760678050512_respond_1_1760678049598_1.jpg","details":{},"createdAt":"2025-10-18T01:03:57.572Z"}
{"actorUserId":"user_33U1kqbMUzDdWfkZUzzaA5UyA2L","action":"admin_signed_get","subjectType":"s3_object","subjectId":"verification/user_33U1pOOBoN3Jp0TqbB93lpG65ga/1760583050872_capture_1760583051933_2.jpg","details":{},"createdAt":"2025-10-18T01:03:57.674Z"}
{"actorUserId":"user_33U1kqbMUzDdWfkZUzzaA5UyA2L","action":"admin_signed_get","subjectType":"s3_object","subjectId":"verification/user_33U1pOOBoN3Jp0TqbB93lpG65ga/1760583052291_capture_1760583053276_3.jpg","details":{},"createdAt":"2025-10-18T01:03:57.862Z"}
{"actorUserId":"user_33U1kqbMUzDdWfkZUzzaA5UyA2L","action":"admin_signed_get","subjectType":"s3_object","subjectId":"verification/user_33U1pOOBoN3Jp0TqbB93lpG65ga/1760678054373_respond_1_1760678053806_2.jpg","details":{},"createdAt":"2025-10-18T01:03:57.891Z"}
{"actorUserId":"user_33U1kqbMUzDdWfkZUzzaA5UyA2L","action":"admin_signed_get","subjectType":"s3_object","subjectId":"verification/user_33U1pOOBoN3Jp0TqbB93lpG65ga/1760678056890_respond_1_1760678056329_3.jpg","details":{},"createdAt":"2025-10-18T01:03:57.990Z"}
{"actorUserId":"user_33U1kqbMUzDdWfkZUzzaA5UyA2L","action":"admin_signed_get","subjectType":"s3_object","subjectId":"verification/user_33U1pOOBoN3Jp0TqbB93lpG65ga/1760686417607_respond_1_1760686416821_1.jpg","details":{},"createdAt":"2025-10-18T01:03:58.206Z"}
{"actorUserId":"user_33U1kqbMUzDdWfkZUzzaA5UyA2L","action":"admin_signed_get","subjectType":"s3_object","subjectId":"verification/user_33U1pOOBoN3Jp0TqbB93lpG65ga/1760686423435_respond_1_1760686422716_2.jpg","details":{},"createdAt":"2025-10-18T01:03:58.293Z"}
{"actorUserId":"user_33U1kqbMUzDdWfkZUzzaA5UyA2L","action":"admin_signed_get","subjectType":"s3_object","subjectId":"verification/user_33U1pOOBoN3Jp0TqbB93lpG65ga/1760687152817_respond_1_1760687151958_1.jpg","details":{},"createdAt":"2025-10-18T01:03:58.497Z"}
{"actorUserId":"user_33U1kqbMUzDdWfkZUzzaA5UyA2L","action":"admin_signed_get","subjectType":"s3_object","subjectId":"verification/user_33U1pOOBoN3Jp0TqbB93lpG65ga/1760686430780_respond_1_1760686428443_3.jpg","details":{},"createdAt":"2025-10-18T01:03:58.500Z"}
{"actorUserId":"user_33U1kqbMUzDdWfkZUzzaA5UyA2L","action":"admin_signed_get","subjectType":"s3_object","subjectId":"verification/user_33U1pOOBoN3Jp0TqbB93lpG65ga/1760687152791_respond_1_1760687151960_2.jpg","details":{},"createdAt":"2025-10-18T01:03:58.577Z"}
{"actorUserId":"user_33U1kqbMUzDdWfkZUzzaA5UyA2L","action":"admin_signed_get","subjectType":"s3_object","subjectId":"verification/user_33U1pOOBoN3Jp0TqbB93lpG65ga/1760687152810_respond_1_1760687151960_3.jpg","details":{},"createdAt":"2025-10-18T01:03:58.797Z"}
{"actorUserId":"user_33U1kqbMUzDdWfkZUzzaA5UyA2L","action":"admin_signed_get","subjectType":"s3_object","subjectId":"verification/user_33U1pOOBoN3Jp0TqbB93lpG65ga/1760687888157_respond_1_1760687886453_1.jpg","details":{},"createdAt":"2025-10-18T01:03:58.958Z"}
{"actorUserId":"user_33U1kqbMUzDdWfkZUzzaA5UyA2L","action":"admin_signed_get","subjectType":"s3_object","subjectId":"verification/user_33U1pOOBoN3Jp0TqbB93lpG65ga/1760687888128_respond_1_1760687886454_2.jpg","details":{},"createdAt":"2025-10-18T01:03:59.225Z"}
{"actorUserId":"user_33U1kqbMUzDdWfkZUzzaA5UyA2L","action":"admin_signed_get","subjectType":"s3_object","subjectId":"verification/user_33U1pOOBoN3Jp0TqbB93lpG65ga/1760687888136_respond_1_1760687886454_3.jpg","details":{},"createdAt":"2025-10-18T01:03:59.233Z"}
{"actorUserId":"user_33U1kqbMUzDdWfkZUzzaA5UyA2L","action":"admin_signed_get","subjectType":"s3_object","subjectId":"verification/user_33U1pOOBoN3Jp0TqbB93lpG65ga/1760583047712_capture_1760583048397_1.jpg","details":{},"createdAt":"2025-10-18T01:07:49.770Z"}
{"actorUserId":"user_33U1kqbMUzDdWfkZUzzaA5UyA2L","action":"admin_signed_get","subjectType":"s3_object","subjectId":"verification/user_33U1pOOBoN3Jp0TqbB93lpG65ga/1760583050872_capture_1760583051933_2.jpg","details":{},"createdAt":"2025-10-18T01:07:50.271Z"}
{"actorUserId":"user_33U1kqbMUzDdWfkZUzzaA5UyA2L","action":"admin_signed_get","subjectType":"s3_object","subjectId":"verification/user_33U1pOOBoN3Jp0TqbB93lpG65ga/1760678056890_respond_1_1760678056329_3.jpg","details":{},"createdAt":"2025-10-18T01:07:50.561Z"}
{"actorUserId":"user_33U1kqbMUzDdWfkZUzzaA5UyA2L","action":"admin_signed_get","subjectType":"s3_object","subjectId":"verification/user_33U1pOOBoN3Jp0TqbB93lpG65ga/1760678050512_respond_1_1760678049598_1.jpg","details":{},"createdAt":"2025-10-18T01:07:50.807Z"}
{"actorUserId":"user_33U1kqbMUzDdWfkZUzzaA5UyA2L","action":"admin_signed_get","subjectType":"s3_object","subjectId":"verification/user_33U1pOOBoN3Jp0TqbB93lpG65ga/1760583052291_capture_1760583053276_3.jpg","details":{},"createdAt":"2025-10-18T01:07:50.940Z"}
{"actorUserId":"user_33U1kqbMUzDdWfkZUzzaA5UyA2L","action":"admin_signed_get","subjectType":"s3_object","subjectId":"verification/user_33U1pOOBoN3Jp0TqbB93lpG65ga/1760686417607_respond_1_1760686416821_1.jpg","details":{},"createdAt":"2025-10-18T01:07:51.045Z"}
{"actorUserId":"user_33U1kqbMUzDdWfkZUzzaA5UyA2L","action":"admin_signed_get","subjectType":"s3_object","subjectId":"verification/user_33U1pOOBoN3Jp0TqbB93lpG65ga/1760678054373_respond_1_1760678053806_2.jpg","details":{},"createdAt":"2025-10-18T01:07:51.141Z"}
{"actorUserId":"user_33U1kqbMUzDdWfkZUzzaA5UyA2L","action":"admin_signed_get","subjectType":"s3_object","subjectId":"verification/user_33U1pOOBoN3Jp0TqbB93lpG65ga/1760686423435_respond_1_1760686422716_2.jpg","details":{},"createdAt":"2025-10-18T01:07:51.352Z"}
{"actorUserId":"user_33U1kqbMUzDdWfkZUzzaA5UyA2L","action":"admin_signed_get","subjectType":"s3_object","subjectId":"verification/user_33U1pOOBoN3Jp0TqbB93lpG65ga/1760686430780_respond_1_1760686428443_3.jpg","details":{},"createdAt":"2025-10-18T01:07:51.426Z"}
{"actorUserId":"user_33U1kqbMUzDdWfkZUzzaA5UyA2L","action":"admin_signed_get","subjectType":"s3_object","subjectId":"verification/user_33U1pOOBoN3Jp0TqbB93lpG65ga/1760687152791_respond_1_1760687151960_2.jpg","details":{},"createdAt":"2025-10-18T01:07:51.662Z"}
{"actorUserId":"user_33U1kqbMUzDdWfkZUzzaA5UyA2L","action":"admin_signed_get","subjectType":"s3_object","subjectId":"verification/user_33U1pOOBoN3Jp0TqbB93lpG65ga/1760687152817_respond_1_1760687151958_1.jpg","details":{},"createdAt":"2025-10-18T01:07:51.670Z"}
{"actorUserId":"user_33U1kqbMUzDdWfkZUzzaA5UyA2L","action":"admin_signed_get","subjectType":"s3_object","subjectId":"verification/user_33U1pOOBoN3Jp0TqbB93lpG65ga/1760687152810_respond_1_1760687151960_3.jpg","details":{},"createdAt":"2025-10-18T01:07:51.724Z"}
{"actorUserId":"user_33U1kqbMUzDdWfkZUzzaA5UyA2L","action":"admin_signed_get","subjectType":"s3_object","subjectId":"verification/user_33U1pOOBoN3Jp0TqbB93lpG65ga/1760687888157_respond_1_1760687886453_1.jpg","details":{},"createdAt":"2025-10-18T01:07:51.929Z"}
{"actorUserId":"user_33U1kqbMUzDdWfkZUzzaA5UyA2L","action":"admin_signed_get","subjectType":"s3_object","subjectId":"verification/user_33U1pOOBoN3Jp0TqbB93lpG65ga/1760687888128_respond_1_1760687886454_2.jpg","details":{},"createdAt":"2025-10-18T01:07:52.034Z"}
{"actorUserId":"user_33U1kqbMUzDdWfkZUzzaA5UyA2L","action":"admin_signed_get","subjectType":"s3_object","subjectId":"verification/user_33U1pOOBoN3Jp0TqbB93lpG65ga/1760687888136_respond_1_1760687886454_3.jpg","details":{},"createdAt":"2025-10-18T01:07:52.303Z"}
{"actorUserId":"user_33U1kqbMUzDdWfkZUzzaA5UyA2L","action":"admin_signed_get","subjectType":"s3_object","subjectId":"verification/user_33U1pOOBoN3Jp0TqbB93lpG65ga/1760583047712_capture_1760583048397_1.jpg","details":{},"createdAt":"2025-10-18T01:10:49.087Z"}
{"actorUserId":"user_33U1kqbMUzDdWfkZUzzaA5UyA2L","action":"admin_signed_get","subjectType":"s3_object","subjectId":"verification/user_33U1pOOBoN3Jp0TqbB93lpG65ga/1760583050872_capture_1760583051933_2.jpg","details":{},"createdAt":"2025-10-18T01:10:49.395Z"}
{"actorUserId":"user_33U1kqbMUzDdWfkZUzzaA5UyA2L","action":"admin_signed_get","subjectType":"s3_object","subjectId":"verification/user_33U1pOOBoN3Jp0TqbB93lpG65ga/1760583052291_capture_1760583053276_3.jpg","details":{},"createdAt":"2025-10-18T01:10:49.560Z"}
{"actorUserId":"user_33U1kqbMUzDdWfkZUzzaA5UyA2L","action":"admin_signed_get","subjectType":"s3_object","subjectId":"verification/user_33U1pOOBoN3Jp0TqbB93lpG65ga/1760678050512_respond_1_1760678049598_1.jpg","details":{},"createdAt":"2025-10-18T01:10:49.565Z"}
{"actorUserId":"user_33U1kqbMUzDdWfkZUzzaA5UyA2L","action":"admin_signed_get","subjectType":"s3_object","subjectId":"verification/user_33U1pOOBoN3Jp0TqbB93lpG65ga/1760678054373_respond_1_1760678053806_2.jpg","details":{},"createdAt":"2025-10-18T01:10:49.577Z"}
{"actorUserId":"user_33U1kqbMUzDdWfkZUzzaA5UyA2L","action":"admin_signed_get","subjectType":"s3_object","subjectId":"verification/user_33U1pOOBoN3Jp0TqbB93lpG65ga/1760686423435_respond_1_1760686422716_2.jpg","details":{},"createdAt":"2025-10-18T01:10:50.173Z"}
{"actorUserId":"user_33U1kqbMUzDdWfkZUzzaA5UyA2L","action":"admin_signed_get","subjectType":"s3_object","subjectId":"verification/user_33U1pOOBoN3Jp0TqbB93lpG65ga/1760687152817_respond_1_1760687151958_1.jpg","details":{},"createdAt":"2025-10-18T01:10:50.182Z"}
{"actorUserId":"user_33U1kqbMUzDdWfkZUzzaA5UyA2L","action":"admin_signed_get","subjectType":"s3_object","subjectId":"verification/user_33U1pOOBoN3Jp0TqbB93lpG65ga/1760678056890_respond_1_1760678056329_3.jpg","details":{},"createdAt":"2025-10-18T01:10:49.785Z"}
{"actorUserId":"user_33U1kqbMUzDdWfkZUzzaA5UyA2L","action":"admin_signed_get","subjectType":"s3_object","subjectId":"verification/user_33U1pOOBoN3Jp0TqbB93lpG65ga/1760686430780_respond_1_1760686428443_3.jpg","details":{},"createdAt":"2025-10-18T01:10:50.434Z"}
{"actorUserId":"user_33U1kqbMUzDdWfkZUzzaA5UyA2L","action":"admin_signed_get","subjectType":"s3_object","subjectId":"verification/user_33U1pOOBoN3Jp0TqbB93lpG65ga/1760687888128_respond_1_1760687886454_2.jpg","details":{},"createdAt":"2025-10-18T01:10:51.070Z"}
{"actorUserId":"user_33U1kqbMUzDdWfkZUzzaA5UyA2L","action":"admin_signed_get","subjectType":"s3_object","subjectId":"verification/user_33U1pOOBoN3Jp0TqbB93lpG65ga/1760687888157_respond_1_1760687886453_1.jpg","details":{},"createdAt":"2025-10-18T01:10:51.176Z"}
{"actorUserId":"user_33U1kqbMUzDdWfkZUzzaA5UyA2L","action":"admin_signed_get","subjectType":"s3_object","subjectId":"verification/user_33U1pOOBoN3Jp0TqbB93lpG65ga/1760687152791_respond_1_1760687151960_2.jpg","details":{},"createdAt":"2025-10-18T01:10:51.382Z"}
{"actorUserId":"user_33U1kqbMUzDdWfkZUzzaA5UyA2L","action":"admin_signed_get","subjectType":"s3_object","subjectId":"verification/user_33U1pOOBoN3Jp0TqbB93lpG65ga/1760686417607_respond_1_1760686416821_1.jpg","details":{},"createdAt":"2025-10-18T01:10:51.674Z"}
{"actorUserId":"user_33U1kqbMUzDdWfkZUzzaA5UyA2L","action":"admin_signed_get","subjectType":"s3_object","subjectId":"verification/user_33U1pOOBoN3Jp0TqbB93lpG65ga/1760687888136_respond_1_1760687886454_3.jpg","details":{},"createdAt":"2025-10-18T01:10:51.719Z"}
{"actorUserId":"user_33U1kqbMUzDdWfkZUzzaA5UyA2L","action":"admin_signed_get","subjectType":"s3_object","subjectId":"verification/user_33U1pOOBoN3Jp0TqbB93lpG65ga/1760687152810_respond_1_1760687151960_3.jpg","details":{},"createdAt":"2025-10-18T01:10:51.742Z"}
{"actorUserId":"user_33U1kqbMUzDdWfkZUzzaA5UyA2L","action":"admin_signed_get","subjectType":"s3_object","subjectId":"verification/user_33U1pOOBoN3Jp0TqbB93lpG65ga/1760583047712_capture_1760583048397_1.jpg","details":{},"createdAt":"2025-10-19T05:11:35.542Z"}
{"actorUserId":"user_33U1kqbMUzDdWfkZUzzaA5UyA2L","action":"admin_signed_get","subjectType":"s3_object","subjectId":"verification/user_33U1pOOBoN3Jp0TqbB93lpG65ga/1760678050512_respond_1_1760678049598_1.jpg","details":{},"createdAt":"2025-10-19T05:11:35.697Z"}
{"actorUserId":"user_33U1kqbMUzDdWfkZUzzaA5UyA2L","action":"admin_signed_get","subjectType":"s3_object","subjectId":"verification/user_33U1pOOBoN3Jp0TqbB93lpG65ga/1760583050872_capture_1760583051933_2.jpg","details":{},"createdAt":"2025-10-19T05:11:35.289Z"}
{"actorUserId":"user_33U1kqbMUzDdWfkZUzzaA5UyA2L","action":"admin_signed_get","subjectType":"s3_object","subjectId":"verification/user_33U1pOOBoN3Jp0TqbB93lpG65ga/1760678054373_respond_1_1760678053806_2.jpg","details":{},"createdAt":"2025-10-19T05:11:35.836Z"}
{"actorUserId":"user_33U1kqbMUzDdWfkZUzzaA5UyA2L","action":"admin_signed_get","subjectType":"s3_object","subjectId":"verification/user_33U1pOOBoN3Jp0TqbB93lpG65ga/1760583052291_capture_1760583053276_3.jpg","details":{},"createdAt":"2025-10-19T05:11:36.413Z"}
{"actorUserId":"user_33U1kqbMUzDdWfkZUzzaA5UyA2L","action":"admin_signed_get","subjectType":"s3_object","subjectId":"verification/user_33U1pOOBoN3Jp0TqbB93lpG65ga/1760678056890_respond_1_1760678056329_3.jpg","details":{},"createdAt":"2025-10-19T05:11:36.702Z"}
{"actorUserId":"user_33U1kqbMUzDdWfkZUzzaA5UyA2L","action":"admin_signed_get","subjectType":"s3_object","subjectId":"verification/user_33U1pOOBoN3Jp0TqbB93lpG65ga/1760686417607_respond_1_1760686416821_1.jpg","details":{},"createdAt":"2025-10-19T05:11:36.726Z"}
{"actorUserId":"user_33U1kqbMUzDdWfkZUzzaA5UyA2L","action":"admin_signed_get","subjectType":"s3_object","subjectId":"verification/user_33U1pOOBoN3Jp0TqbB93lpG65ga/1760686423435_respond_1_1760686422716_2.jpg","details":{},"createdAt":"2025-10-19T05:11:36.782Z"}
{"actorUserId":"user_33U1kqbMUzDdWfkZUzzaA5UyA2L","action":"admin_signed_get","subjectType":"s3_object","subjectId":"verification/user_33U1pOOBoN3Jp0TqbB93lpG65ga/1760686430780_respond_1_1760686428443_3.jpg","details":{},"createdAt":"2025-10-19T05:11:36.804Z"}
{"actorUserId":"user_33U1kqbMUzDdWfkZUzzaA5UyA2L","action":"admin_signed_get","subjectType":"s3_object","subjectId":"verification/user_33U1pOOBoN3Jp0TqbB93lpG65ga/1760687152817_respond_1_1760687151958_1.jpg","details":{},"createdAt":"2025-10-19T05:11:37.414Z"}
{"actorUserId":"user_33U1kqbMUzDdWfkZUzzaA5UyA2L","action":"admin_signed_get","subjectType":"s3_object","subjectId":"verification/user_33U1pOOBoN3Jp0TqbB93lpG65ga/1760687152810_respond_1_1760687151960_3.jpg","details":{},"createdAt":"2025-10-19T05:11:37.711Z"}
{"actorUserId":"user_33U1kqbMUzDdWfkZUzzaA5UyA2L","action":"admin_signed_get","subjectType":"s3_object","subjectId":"verification/user_33U1pOOBoN3Jp0TqbB93lpG65ga/1760687152791_respond_1_1760687151960_2.jpg","details":{},"createdAt":"2025-10-19T05:11:37.746Z"}
{"actorUserId":"user_33U1kqbMUzDdWfkZUzzaA5UyA2L","action":"admin_signed_get","subjectType":"s3_object","subjectId":"verification/user_33U1pOOBoN3Jp0TqbB93lpG65ga/1760687888157_respond_1_1760687886453_1.jpg","details":{},"createdAt":"2025-10-19T05:11:37.784Z"}
{"actorUserId":"user_33U1kqbMUzDdWfkZUzzaA5UyA2L","action":"admin_signed_get","subjectType":"s3_object","subjectId":"verification/user_33U1pOOBoN3Jp0TqbB93lpG65ga/1760687888136_respond_1_1760687886454_3.jpg","details":{},"createdAt":"2025-10-19T05:11:38.311Z"}
{"actorUserId":"user_33U1kqbMUzDdWfkZUzzaA5UyA2L","action":"admin_signed_get","subjectType":"s3_object","subjectId":"verification/user_33U1pOOBoN3Jp0TqbB93lpG65ga/1760687888128_respond_1_1760687886454_2.jpg","details":{},"createdAt":"2025-10-19T05:11:38.372Z"}
{"actorUserId":"user_33U1kqbMUzDdWfkZUzzaA5UyA2L","action":"admin_signed_get","subjectType":"s3_object","subjectId":"verification/user_33U1pOOBoN3Jp0TqbB93lpG65ga/1760583052291_capture_1760583053276_3.jpg","details":{},"createdAt":"2025-10-19T05:11:41.798Z"}
{"actorUserId":"user_33U1kqbMUzDdWfkZUzzaA5UyA2L","action":"admin_signed_get","subjectType":"s3_object","subjectId":"verification/user_33U1pOOBoN3Jp0TqbB93lpG65ga/1760583050872_capture_1760583051933_2.jpg","details":{},"createdAt":"2025-10-19T05:11:41.814Z"}
{"actorUserId":"user_33U1kqbMUzDdWfkZUzzaA5UyA2L","action":"admin_signed_get","subjectType":"s3_object","subjectId":"verification/user_33U1pOOBoN3Jp0TqbB93lpG65ga/1760678054373_respond_1_1760678053806_2.jpg","details":{},"createdAt":"2025-10-19T05:11:41.836Z"}
{"actorUserId":"user_33U1kqbMUzDdWfkZUzzaA5UyA2L","action":"admin_signed_get","subjectType":"s3_object","subjectId":"verification/user_33U1pOOBoN3Jp0TqbB93lpG65ga/1760583047712_capture_1760583048397_1.jpg","details":{},"createdAt":"2025-10-19T05:11:41.981Z"}
{"actorUserId":"user_33U1kqbMUzDdWfkZUzzaA5UyA2L","action":"admin_signed_get","subjectType":"s3_object","subjectId":"verification/user_33U1pOOBoN3Jp0TqbB93lpG65ga/1760678056890_respond_1_1760678056329_3.jpg","details":{},"createdAt":"2025-10-19T05:11:42.150Z"}
{"actorUserId":"user_33U1kqbMUzDdWfkZUzzaA5UyA2L","action":"admin_signed_get","subjectType":"s3_object","subjectId":"verification/user_33U1pOOBoN3Jp0TqbB93lpG65ga/1760686417607_respond_1_1760686416821_1.jpg","details":{},"createdAt":"2025-10-19T05:11:42.470Z"}
{"actorUserId":"user_33U1kqbMUzDdWfkZUzzaA5UyA2L","action":"admin_signed_get","subjectType":"s3_object","subjectId":"verification/user_33U1pOOBoN3Jp0TqbB93lpG65ga/1760686430780_respond_1_1760686428443_3.jpg","details":{},"createdAt":"2025-10-19T05:11:42.504Z"}
{"actorUserId":"user_33U1kqbMUzDdWfkZUzzaA5UyA2L","action":"admin_signed_get","subjectType":"s3_object","subjectId":"verification/user_33U1pOOBoN3Jp0TqbB93lpG65ga/1760686423435_respond_1_1760686422716_2.jpg","details":{},"createdAt":"2025-10-19T05:11:42.534Z"}
{"actorUserId":"user_33U1kqbMUzDdWfkZUzzaA5UyA2L","action":"admin_signed_get","subjectType":"s3_object","subjectId":"verification/user_33U1pOOBoN3Jp0TqbB93lpG65ga/1760687152817_respond_1_1760687151958_1.jpg","details":{},"createdAt":"2025-10-19T05:11:42.651Z"}
{"actorUserId":"user_33U1kqbMUzDdWfkZUzzaA5UyA2L","action":"admin_signed_get","subjectType":"s3_object","subjectId":"verification/user_33U1pOOBoN3Jp0TqbB93lpG65ga/1760687152791_respond_1_1760687151960_2.jpg","details":{},"createdAt":"2025-10-19T05:11:42.893Z"}
{"actorUserId":"user_33U1kqbMUzDdWfkZUzzaA5UyA2L","action":"admin_signed_get","subjectType":"s3_object","subjectId":"verification/user_33U1pOOBoN3Jp0TqbB93lpG65ga/1760687888157_respond_1_1760687886453_1.jpg","details":{},"createdAt":"2025-10-19T05:11:43.234Z"}
{"actorUserId":"user_33U1kqbMUzDdWfkZUzzaA5UyA2L","action":"admin_signed_get","subjectType":"s3_object","subjectId":"verification/user_33U1pOOBoN3Jp0TqbB93lpG65ga/1760687888128_respond_1_1760687886454_2.jpg","details":{},"createdAt":"2025-10-19T05:11:43.253Z"}
{"actorUserId":"user_33U1kqbMUzDdWfkZUzzaA5UyA2L","action":"admin_signed_get","subjectType":"s3_object","subjectId":"verification/user_33U1pOOBoN3Jp0TqbB93lpG65ga/1760687152810_respond_1_1760687151960_3.jpg","details":{},"createdAt":"2025-10-19T05:11:43.270Z"}
{"actorUserId":"user_33U1kqbMUzDdWfkZUzzaA5UyA2L","action":"admin_signed_get","subjectType":"s3_object","subjectId":"verification/user_33U1pOOBoN3Jp0TqbB93lpG65ga/1760687888136_respond_1_1760687886454_3.jpg","details":{},"createdAt":"2025-10-19T05:11:43.468Z"}
{"actorUserId":"user_33U1kqbMUzDdWfkZUzzaA5UyA2L","action":"admin_signed_get","subjectType":"s3_object","subjectId":"verification/user_33U1pOOBoN3Jp0TqbB93lpG65ga/1760583050872_capture_1760583051933_2.jpg","details":{},"createdAt":"2025-10-19T05:12:08.240Z"}
{"actorUserId":"user_33U1kqbMUzDdWfkZUzzaA5UyA2L","action":"admin_signed_get","subjectType":"s3_object","subjectId":"verification/user_33U1pOOBoN3Jp0TqbB93lpG65ga/1760583052291_capture_1760583053276_3.jpg","details":{},"createdAt":"2025-10-19T05:12:08.460Z"}
{"actorUserId":"user_33U1kqbMUzDdWfkZUzzaA5UyA2L","action":"admin_signed_get","subjectType":"s3_object","subjectId":"verification/user_33U1pOOBoN3Jp0TqbB93lpG65ga/1760583047712_capture_1760583048397_1.jpg","details":{},"createdAt":"2025-10-19T05:12:08.643Z"}
{"actorUserId":"user_33U1kqbMUzDdWfkZUzzaA5UyA2L","action":"admin_signed_get","subjectType":"s3_object","subjectId":"verification/user_33U1pOOBoN3Jp0TqbB93lpG65ga/1760678050512_respond_1_1760678049598_1.jpg","details":{},"createdAt":"2025-10-19T05:12:08.787Z"}
{"actorUserId":"user_33U1kqbMUzDdWfkZUzzaA5UyA2L","action":"admin_signed_get","subjectType":"s3_object","subjectId":"verification/user_33U1pOOBoN3Jp0TqbB93lpG65ga/1760678056890_respond_1_1760678056329_3.jpg","details":{},"createdAt":"2025-10-19T05:12:08.886Z"}
{"actorUserId":"user_33U1kqbMUzDdWfkZUzzaA5UyA2L","action":"admin_signed_get","subjectType":"s3_object","subjectId":"verification/user_33U1pOOBoN3Jp0TqbB93lpG65ga/1760678054373_respond_1_1760678053806_2.jpg","details":{},"createdAt":"2025-10-19T05:12:09.466Z"}
{"actorUserId":"user_33U1kqbMUzDdWfkZUzzaA5UyA2L","action":"admin_signed_get","subjectType":"s3_object","subjectId":"verification/user_33U1pOOBoN3Jp0TqbB93lpG65ga/1760686423435_respond_1_1760686422716_2.jpg","details":{},"createdAt":"2025-10-19T05:12:09.694Z"}
{"actorUserId":"user_33U1kqbMUzDdWfkZUzzaA5UyA2L","action":"admin_signed_get","subjectType":"s3_object","subjectId":"verification/user_33U1pOOBoN3Jp0TqbB93lpG65ga/1760686417607_respond_1_1760686416821_1.jpg","details":{},"createdAt":"2025-10-19T05:12:09.713Z"}
{"actorUserId":"user_33U1kqbMUzDdWfkZUzzaA5UyA2L","action":"admin_signed_get","subjectType":"s3_object","subjectId":"verification/user_33U1pOOBoN3Jp0TqbB93lpG65ga/1760686430780_respond_1_1760686428443_3.jpg","details":{},"createdAt":"2025-10-19T05:12:10.046Z"}
{"actorUserId":"user_33U1kqbMUzDdWfkZUzzaA5UyA2L","action":"admin_signed_get","subjectType":"s3_object","subjectId":"verification/user_33U1pOOBoN3Jp0TqbB93lpG65ga/1760687152817_respond_1_1760687151958_1.jpg","details":{},"createdAt":"2025-10-19T05:12:10.120Z"}
{"actorUserId":"user_33U1kqbMUzDdWfkZUzzaA5UyA2L","action":"admin_signed_get","subjectType":"s3_object","subjectId":"verification/user_33U1pOOBoN3Jp0TqbB93lpG65ga/1760687152791_respond_1_1760687151960_2.jpg","details":{},"createdAt":"2025-10-19T05:12:10.306Z"}
{"actorUserId":"user_33U1kqbMUzDdWfkZUzzaA5UyA2L","action":"admin_signed_get","subjectType":"s3_object","subjectId":"verification/user_33U1pOOBoN3Jp0TqbB93lpG65ga/1760687888157_respond_1_1760687886453_1.jpg","details":{},"createdAt":"2025-10-19T05:12:10.375Z"}
{"actorUserId":"user_33U1kqbMUzDdWfkZUzzaA5UyA2L","action":"admin_signed_get","subjectType":"s3_object","subjectId":"verification/user_33U1pOOBoN3Jp0TqbB93lpG65ga/1760687152810_respond_1_1760687151960_3.jpg","details":{},"createdAt":"2025-10-19T05:12:10.467Z"}
{"actorUserId":"user_33U1kqbMUzDdWfkZUzzaA5UyA2L","action":"admin_signed_get","subjectType":"s3_object","subjectId":"verification/user_33U1pOOBoN3Jp0TqbB93lpG65ga/1760687888128_respond_1_1760687886454_2.jpg","details":{},"createdAt":"2025-10-19T05:12:11.079Z"}
{"actorUserId":"user_33U1kqbMUzDdWfkZUzzaA5UyA2L","action":"admin_signed_get","subjectType":"s3_object","subjectId":"verification/user_33U1pOOBoN3Jp0TqbB93lpG65ga/1760687888136_respond_1_1760687886454_3.jpg","details":{},"createdAt":"2025-10-19T05:12:11.094Z"}
{"actorUserId":"user_33U1kqbMUzDdWfkZUzzaA5UyA2L","action":"verification_rejected","subjectType":"verification","subjectId":1,"details":{},"createdAt":"2025-10-19T05:12:19.553Z"}
{"actorUserId":null,"action":"verification_code_issued","subjectType":"user","subjectId":"user_33U1pOOBoN3Jp0TqbB93lpG65ga","details":{"code":"83A4-7669-ACA5-7485","expiresAt":"2025-10-19T06:24:15.736Z"},"createdAt":"2025-10-19T05:24:16.703Z"}
{"actorUserId":null,"action":"verification_code_issued","subjectType":"user","subjectId":"user_33U1pOOBoN3Jp0TqbB93lpG65ga","details":{"code":"EF0A-4507-C6FA-4ADD","expiresAt":"2025-10-19T06:37:38.867Z"},"createdAt":"2025-10-19T05:37:39.271Z"}
{"actorUserId":null,"action":"verification_code_issued","subjectType":"user","subjectId":"user_33U1pOOBoN3Jp0TqbB93lpG65ga","details":{"code":"084A-E611-C989-DEDB","expiresAt":"2025-10-19T06:42:20.250Z"},"createdAt":"2025-10-19T05:42:20.589Z"}
{"actorUserId":null,"action":"verification_code_issued","subjectType":"user","subjectId":"user_33U1pOOBoN3Jp0TqbB93lpG65ga","details":{"code":"45F6-EEA0-FD68-7403","expiresAt":"2025-10-19T06:47:11.864Z"},"createdAt":"2025-10-19T05:47:13.256Z"}
{"actorUserId":null,"action":"verification_code_issued","subjectType":"user","subjectId":"user_33U1pOOBoN3Jp0TqbB93lpG65ga","details":{"code":"567E-3A55-53A8-F73A","expiresAt":"2025-10-19T07:02:25.281Z"},"createdAt":"2025-10-19T06:02:25.992Z"}
{"actorUserId":null,"action":"verification_code_issued","subjectType":"user","subjectId":"user_33U1pOOBoN3Jp0TqbB93lpG65ga","details":{"code":"9555-7DEE-9F8E-6AE6","expiresAt":"2025-10-19T07:07:10.084Z"},"createdAt":"2025-10-19T06:07:10.517Z"}
{"actorUserId":null,"action":"verification_code_issued","subjectType":"user","subjectId":"user_33U1pOOBoN3Jp0TqbB93lpG65ga","details":{"code":"20A4-7147-4CE5-069A","expiresAt":"2025-10-19T09:20:33.210Z"},"createdAt":"2025-10-19T08:20:36.169Z"}
{"actorUserId":"user_33U1pOOBoN3Jp0TqbB93lpG65ga","action":"upload_token_issued","subjectType":"s3_object","subjectId":"verification/user_33U1pOOBoN3Jp0TqbB93lpG65ga/1760862258950_capture_1760862252131_1.jpg","details":{"contentType":"image/jpeg"},"createdAt":"2025-10-19T08:24:22.072Z"}
{"actorUserId":"user_33U1pOOBoN3Jp0TqbB93lpG65ga","action":"upload_token_issued","subjectType":"s3_object","subjectId":"verification/user_33U1pOOBoN3Jp0TqbB93lpG65ga/1760862275261_capture_1760862273662_2.jpg","details":{"contentType":"image/jpeg"},"createdAt":"2025-10-19T08:24:37.493Z"}
{"actorUserId":"user_33U1pOOBoN3Jp0TqbB93lpG65ga","action":"upload_token_issued","subjectType":"s3_object","subjectId":"verification/user_33U1pOOBoN3Jp0TqbB93lpG65ga/1760862314799_capture_1760862306952_3.jpg","details":{"contentType":"image/jpeg"},"createdAt":"2025-10-19T08:25:18.168Z"}
{"actorUserId":null,"action":"verification_code_issued","subjectType":"user","subjectId":"user_33U1pOOBoN3Jp0TqbB93lpG65ga","details":{"code":"E64A-65C4-A8E4-77A7","expiresAt":"2025-10-19T09:50:26.871Z"},"createdAt":"2025-10-19T08:50:27.268Z"}
{"actorUserId":"user_33U1pOOBoN3Jp0TqbB93lpG65ga","action":"upload_token_issued","subjectType":"s3_object","subjectId":"verification/user_33U1pOOBoN3Jp0TqbB93lpG65ga/1760863849679_capture_1760863847783_3.jpg","details":{"contentType":"image/jpeg"},"createdAt":"2025-10-19T08:50:50.138Z"}
{"actorUserId":"user_33U1pOOBoN3Jp0TqbB93lpG65ga","action":"upload_token_issued","subjectType":"s3_object","subjectId":"verification/user_33U1pOOBoN3Jp0TqbB93lpG65ga/1760863849594_capture_1760863847782_2.jpg","details":{"contentType":"image/jpeg"},"createdAt":"2025-10-19T08:50:50.489Z"}
{"actorUserId":"user_33U1pOOBoN3Jp0TqbB93lpG65ga","action":"upload_token_issued","subjectType":"s3_object","subjectId":"verification/user_33U1pOOBoN3Jp0TqbB93lpG65ga/1760863849700_capture_1760863847779_1.jpg","details":{"contentType":"image/jpeg"},"createdAt":"2025-10-19T08:50:50.506Z"}
{"actorUserId":"user_33U1pOOBoN3Jp0TqbB93lpG65ga","action":"verification_submitted","subjectType":"verification","subjectId":2,"details":{"imagesCount":3,"geo":{"withinRadius":true,"maxDistanceMeters":0}},"createdAt":"2025-10-19T08:52:16.656Z"}
{"actorUserId":null,"action":"verification_code_issued","subjectType":"user","subjectId":"user_33U1pOOBoN3Jp0TqbB93lpG65ga","details":{"code":"012F-A566-29EB-180A","expiresAt":"2025-10-19T09:52:27.928Z"},"createdAt":"2025-10-19T08:52:28.424Z"}
{"actorUserId":"user_33U1kqbMUzDdWfkZUzzaA5UyA2L","action":"admin_signed_get","subjectType":"s3_object","subjectId":"verification/user_33U1pOOBoN3Jp0TqbB93lpG65ga/1760863849700_capture_1760863847779_1.jpg","details":{},"createdAt":"2025-10-19T08:55:42.084Z"}
{"actorUserId":"user_33U1kqbMUzDdWfkZUzzaA5UyA2L","action":"admin_signed_get","subjectType":"s3_object","subjectId":"verification/user_33U1pOOBoN3Jp0TqbB93lpG65ga/1760863849679_capture_1760863847783_3.jpg","details":{},"createdAt":"2025-10-19T08:55:42.604Z"}
{"actorUserId":"user_33U1kqbMUzDdWfkZUzzaA5UyA2L","action":"admin_signed_get","subjectType":"s3_object","subjectId":"verification/user_33U1pOOBoN3Jp0TqbB93lpG65ga/1760863849594_capture_1760863847782_2.jpg","details":{},"createdAt":"2025-10-19T08:55:42.625Z"}
{"actorUserId":"user_33U1kqbMUzDdWfkZUzzaA5UyA2L","action":"admin_signed_get","subjectType":"s3_object","subjectId":"verification/user_33U1pOOBoN3Jp0TqbB93lpG65ga/1760863849594_capture_1760863847782_2.jpg","details":{},"createdAt":"2025-10-20T07:26:23.018Z"}
{"actorUserId":"user_33U1kqbMUzDdWfkZUzzaA5UyA2L","action":"admin_signed_get","subjectType":"s3_object","subjectId":"verification/user_33U1pOOBoN3Jp0TqbB93lpG65ga/1760863849700_capture_1760863847779_1.jpg","details":{},"createdAt":"2025-10-20T07:26:23.973Z"}
{"actorUserId":"user_33U1kqbMUzDdWfkZUzzaA5UyA2L","action":"admin_signed_get","subjectType":"s3_object","subjectId":"verification/user_33U1pOOBoN3Jp0TqbB93lpG65ga/1760863849679_capture_1760863847783_3.jpg","details":{},"createdAt":"2025-10-20T07:26:24.009Z"}
{"actorUserId":"user_33U1kqbMUzDdWfkZUzzaA5UyA2L","action":"admin_signed_get","subjectType":"s3_object","subjectId":"verification/user_33U1pOOBoN3Jp0TqbB93lpG65ga/1760863849594_capture_1760863847782_2.jpg","details":{},"createdAt":"2025-10-20T07:36:26.367Z"}
{"actorUserId":"user_33U1kqbMUzDdWfkZUzzaA5UyA2L","action":"admin_signed_get","subjectType":"s3_object","subjectId":"verification/user_33U1pOOBoN3Jp0TqbB93lpG65ga/1760863849679_capture_1760863847783_3.jpg","details":{},"createdAt":"2025-10-20T07:36:26.603Z"}
{"actorUserId":"user_33U1kqbMUzDdWfkZUzzaA5UyA2L","action":"admin_signed_get","subjectType":"s3_object","subjectId":"verification/user_33U1pOOBoN3Jp0TqbB93lpG65ga/1760863849700_capture_1760863847779_1.jpg","details":{},"createdAt":"2025-10-20T07:36:27.279Z"}
{"actorUserId":"user_33U1kqbMUzDdWfkZUzzaA5UyA2L","action":"admin_signed_get","subjectType":"s3_object","subjectId":"verification/user_33U1pOOBoN3Jp0TqbB93lpG65ga/1760863849594_capture_1760863847782_2.jpg","details":{},"createdAt":"2025-10-20T07:36:45.686Z"}
{"actorUserId":"user_33U1kqbMUzDdWfkZUzzaA5UyA2L","action":"admin_signed_get","subjectType":"s3_object","subjectId":"verification/user_33U1pOOBoN3Jp0TqbB93lpG65ga/1760863849700_capture_1760863847779_1.jpg","details":{},"createdAt":"2025-10-20T07:36:45.927Z"}
{"actorUserId":"user_33U1kqbMUzDdWfkZUzzaA5UyA2L","action":"admin_signed_get","subjectType":"s3_object","subjectId":"verification/user_33U1pOOBoN3Jp0TqbB93lpG65ga/1760863849679_capture_1760863847783_3.jpg","details":{},"createdAt":"2025-10-20T07:36:48.968Z"}
{"actorUserId":"user_33U1kqbMUzDdWfkZUzzaA5UyA2L","action":"verification_rejected","subjectType":"verification","subjectId":2,"details":{},"createdAt":"2025-10-20T07:37:01.362Z"}
{"actorUserId":"user_33U1pOOBoN3Jp0TqbB93lpG65ga","action":"upload_token_issued","subjectType":"s3_object","subjectId":"verification/user_33U1pOOBoN3Jp0TqbB93lpG65ga/1760946101844_capture_1760946098080_1.jpg","details":{"contentType":"image/jpeg"},"createdAt":"2025-10-20T07:41:42.260Z"}
{"actorUserId":"user_33U1pOOBoN3Jp0TqbB93lpG65ga","action":"upload_token_issued","subjectType":"s3_object","subjectId":"verification/user_33U1pOOBoN3Jp0TqbB93lpG65ga/1760946101664_capture_1760946098081_2.jpg","details":{"contentType":"image/jpeg"},"createdAt":"2025-10-20T07:41:42.761Z"}
{"actorUserId":"user_33U1pOOBoN3Jp0TqbB93lpG65ga","action":"upload_token_issued","subjectType":"s3_object","subjectId":"verification/user_33U1pOOBoN3Jp0TqbB93lpG65ga/1760946101738_capture_1760946098082_3.jpg","details":{"contentType":"image/jpeg"},"createdAt":"2025-10-20T07:41:42.746Z"}
{"actorUserId":"user_33U1pOOBoN3Jp0TqbB93lpG65ga","action":"verification_submitted","subjectType":"verification","subjectId":3,"details":{"imagesCount":3},"createdAt":"2025-10-20T07:41:58.053Z"}
{"actorUserId":"user_33U1kqbMUzDdWfkZUzzaA5UyA2L","action":"admin_signed_get","subjectType":"s3_object","subjectId":"verification/user_33U1pOOBoN3Jp0TqbB93lpG65ga/1760946101738_capture_1760946098082_3.jpg","details":{},"createdAt":"2025-10-20T08:12:58.963Z"}
{"actorUserId":"user_33U1kqbMUzDdWfkZUzzaA5UyA2L","action":"admin_signed_get","subjectType":"s3_object","subjectId":"verification/user_33U1pOOBoN3Jp0TqbB93lpG65ga/1760946101664_capture_1760946098081_2.jpg","details":{},"createdAt":"2025-10-20T08:12:59.256Z"}
{"actorUserId":"user_33U1kqbMUzDdWfkZUzzaA5UyA2L","action":"admin_signed_get","subjectType":"s3_object","subjectId":"verification/user_33U1pOOBoN3Jp0TqbB93lpG65ga/1760946101844_capture_1760946098080_1.jpg","details":{},"createdAt":"2025-10-20T08:12:59.590Z"}
{"actorUserId":"user_33U1kqbMUzDdWfkZUzzaA5UyA2L","action":"verification_request_more_info","subjectType":"verification","subjectId":3,"details":{"reason":"No no no nooo"},"createdAt":"2025-10-20T08:13:54.068Z"}
{"actorUserId":"user_33U1pOOBoN3Jp0TqbB93lpG65ga","action":"upload_token_issued","subjectType":"s3_object","subjectId":"verification/user_33U1pOOBoN3Jp0TqbB93lpG65ga/1760949306836_respond_3_1760949303878_1.jpg","details":{"contentType":"image/jpeg"},"createdAt":"2025-10-20T08:35:07.493Z"}
{"actorUserId":"user_33U1pOOBoN3Jp0TqbB93lpG65ga","action":"verification_respond_more","subjectType":"verification","subjectId":3,"details":{"added":1,"note":false},"createdAt":"2025-10-20T08:35:13.177Z"}
{"actorUserId":"user_33U1kqbMUzDdWfkZUzzaA5UyA2L","action":"admin_signed_get","subjectType":"s3_object","subjectId":"verification/user_33U1pOOBoN3Jp0TqbB93lpG65ga/1760946101844_capture_1760946098080_1.jpg","details":{},"createdAt":"2025-10-20T11:26:51.182Z"}
{"actorUserId":"user_33U1kqbMUzDdWfkZUzzaA5UyA2L","action":"admin_signed_get","subjectType":"s3_object","subjectId":"verification/user_33U1pOOBoN3Jp0TqbB93lpG65ga/1760946101664_capture_1760946098081_2.jpg","details":{},"createdAt":"2025-10-20T11:26:51.576Z"}
{"actorUserId":"user_33U1kqbMUzDdWfkZUzzaA5UyA2L","action":"admin_signed_get","subjectType":"s3_object","subjectId":"verification/user_33U1pOOBoN3Jp0TqbB93lpG65ga/1760946101738_capture_1760946098082_3.jpg","details":{},"createdAt":"2025-10-20T11:26:51.814Z"}
{"actorUserId":"user_33U1kqbMUzDdWfkZUzzaA5UyA2L","action":"admin_signed_get","subjectType":"s3_object","subjectId":"verification/user_33U1pOOBoN3Jp0TqbB93lpG65ga/1760949306836_respond_3_1760949303878_1.jpg","details":{},"createdAt":"2025-10-20T11:26:51.981Z"}
{"actorUserId":"user_33U1pOOBoN3Jp0TqbB93lpG65ga","action":"upload_token_issued","subjectType":"s3_object","subjectId":"verification/user_33U1pOOBoN3Jp0TqbB93lpG65ga/1760964586825_respond_3_1760964585069_1.jpg","details":{"contentType":"image/jpeg"},"createdAt":"2025-10-20T12:49:47.492Z"}
{"actorUserId":"user_33U1pOOBoN3Jp0TqbB93lpG65ga","action":"verification_respond_more","subjectType":"verification","subjectId":3,"details":{"added":1,"note":false},"createdAt":"2025-10-20T12:49:54.248Z"}
{"actorUserId":"user_33U1kqbMUzDdWfkZUzzaA5UyA2L","action":"admin_signed_get","subjectType":"s3_object","subjectId":"verification/user_33U1pOOBoN3Jp0TqbB93lpG65ga/1760946101664_capture_1760946098081_2.jpg","details":{},"createdAt":"2025-10-20T12:51:01.258Z"}
{"actorUserId":"user_33U1kqbMUzDdWfkZUzzaA5UyA2L","action":"admin_signed_get","subjectType":"s3_object","subjectId":"verification/user_33U1pOOBoN3Jp0TqbB93lpG65ga/1760964586825_respond_3_1760964585069_1.jpg","details":{},"createdAt":"2025-10-20T12:51:01.902Z"}
{"actorUserId":"user_33U1kqbMUzDdWfkZUzzaA5UyA2L","action":"admin_signed_get","subjectType":"s3_object","subjectId":"verification/user_33U1pOOBoN3Jp0TqbB93lpG65ga/1760946101738_capture_1760946098082_3.jpg","details":{},"createdAt":"2025-10-20T12:51:01.897Z"}
{"actorUserId":"user_33U1kqbMUzDdWfkZUzzaA5UyA2L","action":"admin_signed_get","subjectType":"s3_object","subjectId":"verification/user_33U1pOOBoN3Jp0TqbB93lpG65ga/1760949306836_respond_3_1760949303878_1.jpg","details":{},"createdAt":"2025-10-20T12:51:01.935Z"}
{"actorUserId":"user_33U1kqbMUzDdWfkZUzzaA5UyA2L","action":"admin_signed_get","subjectType":"s3_object","subjectId":"verification/user_33U1pOOBoN3Jp0TqbB93lpG65ga/1760946101844_capture_1760946098080_1.jpg","details":{},"createdAt":"2025-10-20T12:51:01.950Z"}
{"actorUserId":"user_33U1kqbMUzDdWfkZUzzaA5UyA2L","action":"admin_signed_get","subjectType":"s3_object","subjectId":"verification/user_33U1pOOBoN3Jp0TqbB93lpG65ga/1760946101844_capture_1760946098080_1.jpg","details":{},"createdAt":"2025-10-20T12:56:19.905Z"}
{"actorUserId":"user_33U1kqbMUzDdWfkZUzzaA5UyA2L","action":"admin_signed_get","subjectType":"s3_object","subjectId":"verification/user_33U1pOOBoN3Jp0TqbB93lpG65ga/1760946101738_capture_1760946098082_3.jpg","details":{},"createdAt":"2025-10-20T12:56:20.060Z"}
{"actorUserId":"user_33U1kqbMUzDdWfkZUzzaA5UyA2L","action":"admin_signed_get","subjectType":"s3_object","subjectId":"verification/user_33U1pOOBoN3Jp0TqbB93lpG65ga/1760964586825_respond_3_1760964585069_1.jpg","details":{},"createdAt":"2025-10-20T12:56:20.385Z"}
{"actorUserId":"user_33U1kqbMUzDdWfkZUzzaA5UyA2L","action":"admin_signed_get","subjectType":"s3_object","subjectId":"verification/user_33U1pOOBoN3Jp0TqbB93lpG65ga/1760949306836_respond_3_1760949303878_1.jpg","details":{},"createdAt":"2025-10-20T12:56:20.456Z"}
{"actorUserId":"user_33U1kqbMUzDdWfkZUzzaA5UyA2L","action":"admin_signed_get","subjectType":"s3_object","subjectId":"verification/user_33U1pOOBoN3Jp0TqbB93lpG65ga/1760946101664_capture_1760946098081_2.jpg","details":{},"createdAt":"2025-10-20T12:56:20.651Z"}
{"actorUserId":"user_33U1kqbMUzDdWfkZUzzaA5UyA2L","action":"admin_signed_get","subjectType":"s3_object","subjectId":"verification/user_33U1pOOBoN3Jp0TqbB93lpG65ga/1760946101664_capture_1760946098081_2.jpg","details":{},"createdAt":"2025-10-20T13:03:50.976Z"}
{"actorUserId":"user_33U1kqbMUzDdWfkZUzzaA5UyA2L","action":"admin_signed_get","subjectType":"s3_object","subjectId":"verification/user_33U1pOOBoN3Jp0TqbB93lpG65ga/1760946101844_capture_1760946098080_1.jpg","details":{},"createdAt":"2025-10-20T13:03:51.112Z"}
{"actorUserId":"user_33U1kqbMUzDdWfkZUzzaA5UyA2L","action":"admin_signed_get","subjectType":"s3_object","subjectId":"verification/user_33U1pOOBoN3Jp0TqbB93lpG65ga/1760949306836_respond_3_1760949303878_1.jpg","details":{},"createdAt":"2025-10-20T13:03:51.306Z"}
{"actorUserId":"user_33U1kqbMUzDdWfkZUzzaA5UyA2L","action":"admin_signed_get","subjectType":"s3_object","subjectId":"verification/user_33U1pOOBoN3Jp0TqbB93lpG65ga/1760946101738_capture_1760946098082_3.jpg","details":{},"createdAt":"2025-10-20T13:03:51.367Z"}
{"actorUserId":"user_33U1kqbMUzDdWfkZUzzaA5UyA2L","action":"admin_signed_get","subjectType":"s3_object","subjectId":"verification/user_33U1pOOBoN3Jp0TqbB93lpG65ga/1760964586825_respond_3_1760964585069_1.jpg","details":{},"createdAt":"2025-10-20T13:03:51.362Z"}
{"actorUserId":"user_33U1kqbMUzDdWfkZUzzaA5UyA2L","action":"verification_request_more_info","subjectType":"verification","subjectId":3,"details":{"reason":"More evidence requested"},"createdAt":"2025-10-20T13:03:58.018Z"}
{"actorUserId":"user_33U1pOOBoN3Jp0TqbB93lpG65ga","action":"upload_token_issued","subjectType":"s3_object","subjectId":"verification/user_33U1pOOBoN3Jp0TqbB93lpG65ga/1760965959470_respond_3_1760965957159_3.jpg","details":{"contentType":"image/jpeg"},"createdAt":"2025-10-20T13:12:39.960Z"}
{"actorUserId":"user_33U1pOOBoN3Jp0TqbB93lpG65ga","action":"upload_token_issued","subjectType":"s3_object","subjectId":"verification/user_33U1pOOBoN3Jp0TqbB93lpG65ga/1760965959452_respond_3_1760965957157_1.jpg","details":{"contentType":"image/jpeg"},"createdAt":"2025-10-20T13:12:40.123Z"}
{"actorUserId":"user_33U1pOOBoN3Jp0TqbB93lpG65ga","action":"upload_token_issued","subjectType":"s3_object","subjectId":"verification/user_33U1pOOBoN3Jp0TqbB93lpG65ga/1760965959474_respond_3_1760965957159_2.jpg","details":{"contentType":"image/jpeg"},"createdAt":"2025-10-20T13:12:40.143Z"}
{"actorUserId":"user_33U1pOOBoN3Jp0TqbB93lpG65ga","action":"verification_respond_more","subjectType":"verification","subjectId":3,"details":{"added":3,"note":false},"createdAt":"2025-10-20T13:12:53.661Z"}
{"actorUserId":"user_33U1kqbMUzDdWfkZUzzaA5UyA2L","action":"admin_signed_get","subjectType":"s3_object","subjectId":"verification/user_33U1pOOBoN3Jp0TqbB93lpG65ga/1760946101844_capture_1760946098080_1.jpg","details":{},"createdAt":"2025-10-20T13:35:40.356Z"}
{"actorUserId":"user_33U1kqbMUzDdWfkZUzzaA5UyA2L","action":"admin_signed_get","subjectType":"s3_object","subjectId":"verification/user_33U1pOOBoN3Jp0TqbB93lpG65ga/1760946101664_capture_1760946098081_2.jpg","details":{},"createdAt":"2025-10-20T13:35:40.517Z"}
{"actorUserId":"user_33U1kqbMUzDdWfkZUzzaA5UyA2L","action":"admin_signed_get","subjectType":"s3_object","subjectId":"verification/user_33U1pOOBoN3Jp0TqbB93lpG65ga/1760946101738_capture_1760946098082_3.jpg","details":{},"createdAt":"2025-10-20T13:35:40.889Z"}
{"actorUserId":"user_33U1kqbMUzDdWfkZUzzaA5UyA2L","action":"admin_signed_get","subjectType":"s3_object","subjectId":"verification/user_33U1pOOBoN3Jp0TqbB93lpG65ga/1760964586825_respond_3_1760964585069_1.jpg","details":{},"createdAt":"2025-10-20T13:35:40.896Z"}
{"actorUserId":"user_33U1kqbMUzDdWfkZUzzaA5UyA2L","action":"admin_signed_get","subjectType":"s3_object","subjectId":"verification/user_33U1pOOBoN3Jp0TqbB93lpG65ga/1760949306836_respond_3_1760949303878_1.jpg","details":{},"createdAt":"2025-10-20T13:35:40.937Z"}
{"actorUserId":"user_33U1kqbMUzDdWfkZUzzaA5UyA2L","action":"admin_signed_get","subjectType":"s3_object","subjectId":"verification/user_33U1pOOBoN3Jp0TqbB93lpG65ga/1760965959452_respond_3_1760965957157_1.jpg","details":{},"createdAt":"2025-10-20T13:35:41.230Z"}
{"actorUserId":"user_33U1kqbMUzDdWfkZUzzaA5UyA2L","action":"admin_signed_get","subjectType":"s3_object","subjectId":"verification/user_33U1pOOBoN3Jp0TqbB93lpG65ga/1760965959474_respond_3_1760965957159_2.jpg","details":{},"createdAt":"2025-10-20T13:35:41.329Z"}
{"actorUserId":"user_33U1kqbMUzDdWfkZUzzaA5UyA2L","action":"admin_signed_get","subjectType":"s3_object","subjectId":"verification/user_33U1pOOBoN3Jp0TqbB93lpG65ga/1760965959470_respond_3_1760965957159_3.jpg","details":{},"createdAt":"2025-10-20T13:35:41.669Z"}
{"actorUserId":"user_33U1kqbMUzDdWfkZUzzaA5UyA2L","action":"verification_escalated","subjectType":"verification","subjectId":3,"details":{"note":"Nicely done"},"createdAt":"2025-10-20T13:36:41.218Z"}
{"actorUserId":"user_33U1kqbMUzDdWfkZUzzaA5UyA2L","action":"admin_signed_get","subjectType":"s3_object","subjectId":"verification/user_33U1pOOBoN3Jp0TqbB93lpG65ga/1760946101664_capture_1760946098081_2.jpg","details":{},"createdAt":"2025-10-21T02:16:37.968Z"}
{"actorUserId":"user_33U1kqbMUzDdWfkZUzzaA5UyA2L","action":"admin_signed_get","subjectType":"s3_object","subjectId":"verification/user_33U1pOOBoN3Jp0TqbB93lpG65ga/1760946101738_capture_1760946098082_3.jpg","details":{},"createdAt":"2025-10-21T02:16:38.334Z"}
{"actorUserId":"user_33U1kqbMUzDdWfkZUzzaA5UyA2L","action":"admin_signed_get","subjectType":"s3_object","subjectId":"verification/user_33U1pOOBoN3Jp0TqbB93lpG65ga/1760949306836_respond_3_1760949303878_1.jpg","details":{},"createdAt":"2025-10-21T02:16:38.359Z"}
{"actorUserId":"user_33U1kqbMUzDdWfkZUzzaA5UyA2L","action":"admin_signed_get","subjectType":"s3_object","subjectId":"verification/user_33U1pOOBoN3Jp0TqbB93lpG65ga/1760964586825_respond_3_1760964585069_1.jpg","details":{},"createdAt":"2025-10-21T02:16:38.545Z"}
{"actorUserId":"user_33U1kqbMUzDdWfkZUzzaA5UyA2L","action":"admin_signed_get","subjectType":"s3_object","subjectId":"verification/user_33U1pOOBoN3Jp0TqbB93lpG65ga/1760946101844_capture_1760946098080_1.jpg","details":{},"createdAt":"2025-10-21T02:16:38.684Z"}
{"actorUserId":"user_33U1kqbMUzDdWfkZUzzaA5UyA2L","action":"admin_signed_get","subjectType":"s3_object","subjectId":"verification/user_33U1pOOBoN3Jp0TqbB93lpG65ga/1760965959452_respond_3_1760965957157_1.jpg","details":{},"createdAt":"2025-10-21T02:16:39.006Z"}
{"actorUserId":"user_33U1kqbMUzDdWfkZUzzaA5UyA2L","action":"admin_signed_get","subjectType":"s3_object","subjectId":"verification/user_33U1pOOBoN3Jp0TqbB93lpG65ga/1760965959470_respond_3_1760965957159_3.jpg","details":{},"createdAt":"2025-10-21T02:16:39.253Z"}
{"actorUserId":"user_33U1kqbMUzDdWfkZUzzaA5UyA2L","action":"admin_signed_get","subjectType":"s3_object","subjectId":"verification/user_33U1pOOBoN3Jp0TqbB93lpG65ga/1760965959474_respond_3_1760965957159_2.jpg","details":{},"createdAt":"2025-10-21T02:16:39.269Z"}
{"actorUserId":"user_33U1kqbMUzDdWfkZUzzaA5UyA2L","action":"verification_rejected","subjectType":"verification","subjectId":3,"details":{},"createdAt":"2025-10-21T02:16:57.141Z"}
{"actorUserId":"user_33U1pOOBoN3Jp0TqbB93lpG65ga","action":"upload_token_issued","subjectType":"s3_object","subjectId":"verification/user_33U1pOOBoN3Jp0TqbB93lpG65ga/1761013637421_capture_1761013635491_3.jpg","details":{"contentType":"image/jpeg"},"createdAt":"2025-10-21T02:27:17.851Z"}
{"actorUserId":"user_33U1pOOBoN3Jp0TqbB93lpG65ga","action":"upload_token_issued","subjectType":"s3_object","subjectId":"verification/user_33U1pOOBoN3Jp0TqbB93lpG65ga/1761013637353_capture_1761013635489_1.jpg","details":{"contentType":"image/jpeg"},"createdAt":"2025-10-21T02:27:18.178Z"}
{"actorUserId":"user_33U1pOOBoN3Jp0TqbB93lpG65ga","action":"upload_token_issued","subjectType":"s3_object","subjectId":"verification/user_33U1pOOBoN3Jp0TqbB93lpG65ga/1761013637460_capture_1761013635491_2.jpg","details":{"contentType":"image/jpeg"},"createdAt":"2025-10-21T02:27:18.201Z"}
{"actorUserId":"user_33U1pOOBoN3Jp0TqbB93lpG65ga","action":"verification_submitted","subjectType":"verification","subjectId":4,"details":{"imagesCount":3},"createdAt":"2025-10-21T02:27:37.301Z"}
{"actorUserId":"user_33U1kqbMUzDdWfkZUzzaA5UyA2L","action":"admin_signed_get","subjectType":"s3_object","subjectId":"verification/user_33U1pOOBoN3Jp0TqbB93lpG65ga/1761013637353_capture_1761013635489_1.jpg","details":{},"createdAt":"2025-10-21T02:33:30.344Z"}
{"actorUserId":"user_33U1kqbMUzDdWfkZUzzaA5UyA2L","action":"admin_signed_get","subjectType":"s3_object","subjectId":"verification/user_33U1pOOBoN3Jp0TqbB93lpG65ga/1761013637421_capture_1761013635491_3.jpg","details":{},"createdAt":"2025-10-21T02:33:30.576Z"}
{"actorUserId":"user_33U1kqbMUzDdWfkZUzzaA5UyA2L","action":"admin_signed_get","subjectType":"s3_object","subjectId":"verification/user_33U1pOOBoN3Jp0TqbB93lpG65ga/1761013637460_capture_1761013635491_2.jpg","details":{},"createdAt":"2025-10-21T02:33:30.729Z"}
{"actorUserId":"user_33U1kqbMUzDdWfkZUzzaA5UyA2L","action":"verification_approved","subjectType":"verification","subjectId":4,"details":{},"createdAt":"2025-10-21T02:34:07.999Z"}
{"actorUserId":"user_33U1kqbMUzDdWfkZUzzaA5UyA2L","action":"admin_signed_get","subjectType":"s3_object","subjectId":"verification/user_33U1pOOBoN3Jp0TqbB93lpG65ga/1761013637460_capture_1761013635491_2.jpg","details":{},"createdAt":"2025-10-21T02:34:33.465Z"}
{"actorUserId":"user_33U1kqbMUzDdWfkZUzzaA5UyA2L","action":"admin_signed_get","subjectType":"s3_object","subjectId":"verification/user_33U1pOOBoN3Jp0TqbB93lpG65ga/1761013637353_capture_1761013635489_1.jpg","details":{},"createdAt":"2025-10-21T02:34:33.748Z"}
{"actorUserId":"user_33U1kqbMUzDdWfkZUzzaA5UyA2L","action":"admin_signed_get","subjectType":"s3_object","subjectId":"verification/user_33U1pOOBoN3Jp0TqbB93lpG65ga/1761013637421_capture_1761013635491_3.jpg","details":{},"createdAt":"2025-10-21T02:34:33.823Z"}
{"actorUserId":"user_33U1kqbMUzDdWfkZUzzaA5UyA2L","action":"admin_signed_get","subjectType":"s3_object","subjectId":"verification/user_33U1pOOBoN3Jp0TqbB93lpG65ga/1761013637353_capture_1761013635489_1.jpg","details":{},"createdAt":"2025-10-21T02:42:55.659Z"}
{"actorUserId":"user_33U1kqbMUzDdWfkZUzzaA5UyA2L","action":"admin_signed_get","subjectType":"s3_object","subjectId":"verification/user_33U1pOOBoN3Jp0TqbB93lpG65ga/1761013637460_capture_1761013635491_2.jpg","details":{},"createdAt":"2025-10-21T02:42:55.831Z"}
{"actorUserId":"user_33U1kqbMUzDdWfkZUzzaA5UyA2L","action":"admin_signed_get","subjectType":"s3_object","subjectId":"verification/user_33U1pOOBoN3Jp0TqbB93lpG65ga/1761013637421_capture_1761013635491_3.jpg","details":{},"createdAt":"2025-10-21T02:42:56.034Z"}
{"actorUserId":"user_33U1kqbMUzDdWfkZUzzaA5UyA2L","action":"admin_signed_get","subjectType":"s3_object","subjectId":"verification/user_33U1pOOBoN3Jp0TqbB93lpG65ga/1761013637353_capture_1761013635489_1.jpg","details":{},"createdAt":"2025-10-21T02:43:20.910Z"}
{"actorUserId":"user_33U1kqbMUzDdWfkZUzzaA5UyA2L","action":"admin_signed_get","subjectType":"s3_object","subjectId":"verification/user_33U1pOOBoN3Jp0TqbB93lpG65ga/1761013637460_capture_1761013635491_2.jpg","details":{},"createdAt":"2025-10-21T02:43:21.230Z"}
{"actorUserId":"user_33U1kqbMUzDdWfkZUzzaA5UyA2L","action":"admin_signed_get","subjectType":"s3_object","subjectId":"verification/user_33U1pOOBoN3Jp0TqbB93lpG65ga/1761013637421_capture_1761013635491_3.jpg","details":{},"createdAt":"2025-10-21T02:43:21.317Z"}
{"actorUserId":"user_33U1kqbMUzDdWfkZUzzaA5UyA2L","action":"admin_signed_get","subjectType":"s3_object","subjectId":"verification/user_33U1pOOBoN3Jp0TqbB93lpG65ga/1760946101738_capture_1760946098082_3.jpg","details":{},"createdAt":"2025-10-21T02:43:44.430Z"}
{"actorUserId":"user_33U1kqbMUzDdWfkZUzzaA5UyA2L","action":"admin_signed_get","subjectType":"s3_object","subjectId":"verification/user_33U1pOOBoN3Jp0TqbB93lpG65ga/1760964586825_respond_3_1760964585069_1.jpg","details":{},"createdAt":"2025-10-21T02:43:44.934Z"}
{"actorUserId":"user_33U1kqbMUzDdWfkZUzzaA5UyA2L","action":"admin_signed_get","subjectType":"s3_object","subjectId":"verification/user_33U1pOOBoN3Jp0TqbB93lpG65ga/1760946101664_capture_1760946098081_2.jpg","details":{},"createdAt":"2025-10-21T02:43:44.991Z"}
{"actorUserId":"user_33U1kqbMUzDdWfkZUzzaA5UyA2L","action":"admin_signed_get","subjectType":"s3_object","subjectId":"verification/user_33U1pOOBoN3Jp0TqbB93lpG65ga/1760949306836_respond_3_1760949303878_1.jpg","details":{},"createdAt":"2025-10-21T02:43:45.087Z"}
{"actorUserId":"user_33U1kqbMUzDdWfkZUzzaA5UyA2L","action":"admin_signed_get","subjectType":"s3_object","subjectId":"verification/user_33U1pOOBoN3Jp0TqbB93lpG65ga/1760946101844_capture_1760946098080_1.jpg","details":{},"createdAt":"2025-10-21T02:43:45.101Z"}
{"actorUserId":"user_33U1kqbMUzDdWfkZUzzaA5UyA2L","action":"admin_signed_get","subjectType":"s3_object","subjectId":"verification/user_33U1pOOBoN3Jp0TqbB93lpG65ga/1760965959452_respond_3_1760965957157_1.jpg","details":{},"createdAt":"2025-10-21T02:43:45.663Z"}
{"actorUserId":"user_33U1kqbMUzDdWfkZUzzaA5UyA2L","action":"admin_signed_get","subjectType":"s3_object","subjectId":"verification/user_33U1pOOBoN3Jp0TqbB93lpG65ga/1760965959474_respond_3_1760965957159_2.jpg","details":{},"createdAt":"2025-10-21T02:43:45.688Z"}
{"actorUserId":"user_33U1kqbMUzDdWfkZUzzaA5UyA2L","action":"admin_signed_get","subjectType":"s3_object","subjectId":"verification/user_33U1pOOBoN3Jp0TqbB93lpG65ga/1760965959470_respond_3_1760965957159_3.jpg","details":{},"createdAt":"2025-10-21T02:43:45.722Z"}
